[0806/173619.103:ERROR:process_info.cc(98)] ReadProcessMemory UNICODE_STRING: Only part of a ReadProcessMemory or WriteProcessMemory request was completed. (0x12B)
[0806/173619.108:ERROR:process_info.cc(118)] ReadProcessMemory bool __cdecl crashpad::(anonymous namespace)::ReadStruct(HANDLE, crashpad::WinVMAddress, T *) [T = crashpad::process_types::LDR_DATA_TABLE_ENTRY<crashpad::process_types::internal::Traits64>]: Only part of a ReadProcessMemory or WriteProcessMemory request was completed. (0x12B)
[0806/173619.108:ERROR:process_info.cc(329)] VirtualQueryEx: Access is denied. (0x5)
[0806/173619.109:ERROR:process_info.cc(556)] ReadMemoryInfo failed
[0806/173619.109:ERROR:process_memory_win.cc(39)] Failed to initialize ProcessInfo.
[0806/173619.109:ERROR:scoped_process_suspend.cc(40)] NtResumeProcess: An attempt was made to access an exiting process. (0xc000010a)
[0809/203435.353:ERROR:process_memory_win.cc(73)] ReadMemory at 0x74880000 of 64 bytes failed: Only part of a ReadProcessMemory or WriteProcessMemory request was completed. (0x12B)
[0809/203435.357:WARNING:pe_image_reader.cc(340)] could not read dos header from C:\Windows\System32\SYSFER.DLL
[0809/203435.357:ERROR:process_memory_win.cc(73)] ReadMemory at 0x74880000 of 64 bytes failed: Only part of a ReadProcessMemory or WriteProcessMemory request was completed. (0x12B)
[0809/203435.357:WARNING:pe_image_reader.cc(340)] could not read dos header from C:\Windows\System32\SYSFER.DLL
[0809/203435.357:ERROR:process_memory_win.cc(73)] ReadMemory at 0x265fcebdf40 of 72 bytes failed: Only part of a ReadProcessMemory or WriteProcessMemory request was completed. (0x12B)
[0809/203435.357:WARNING:pe_image_annotations_reader.cc(134)] could not read annotations list object in C:\Program Files (x86)\Google\Chrome\Application\84.0.4147.105\chrome_elf.dll
[0809/203435.358:ERROR:process_memory_win.cc(73)] ReadMemory at 0x265fce10000 of 64 bytes failed: Only part of a ReadProcessMemory or WriteProcessMemory request was completed. (0x12B)
[0809/203435.358:WARNING:pe_image_reader.cc(340)] could not read dos header from C:\Windows\System32\msvcrt.dll
[0809/203435.358:ERROR:process_memory_win.cc(73)] ReadMemory at 0x265fce10000 of 64 bytes failed: Only part of a ReadProcessMemory or WriteProcessMemory request was completed. (0x12B)
[0809/203435.358:WARNING:pe_image_reader.cc(340)] could not read dos header from C:\Windows\System32\msvcrt.dll
[0809/203435.358:ERROR:process_memory_win.cc(73)] ReadMemory at 0x265fcff0000 of 64 bytes failed: Only part of a ReadProcessMemory or WriteProcessMemory request was completed. (0x12B)
[0809/203435.358:WARNING:pe_image_reader.cc(340)] could not read dos header from C:\Windows\System32\umppc11103.dll
[0809/203435.358:ERROR:process_memory_win.cc(73)] ReadMemory at 0x265fcff0000 of 64 bytes failed: Only part of a ReadProcessMemory or WriteProcessMemory request was completed. (0x12B)
[0809/203435.358:WARNING:pe_image_reader.cc(340)] could not read dos header from C:\Windows\System32\umppc11103.dll
[0809/203435.359:ERROR:process_memory_win.cc(73)] ReadMemory at 0x265fcf04440 of 72 bytes failed: Only part of a ReadProcessMemory or WriteProcessMemory request was completed. (0x12B)
[0809/203435.359:WARNING:pe_image_annotations_reader.cc(134)] could not read annotations list object in C:\Program Files (x86)\Google\Chrome\Application\84.0.4147.105\chrome.dll
[0809/203435.366:ERROR:process_memory_win.cc(73)] ReadMemory at 0x7fff1b5402b8 of 40 bytes failed: Only part of a ReadProcessMemory or WriteProcessMemory request was completed. (0x12B)
[0809/203435.366:WARNING:pe_image_reader.cc(392)] could not read section 5 from C:\Windows\SYSTEM32\bcrypt.dll
[0809/203435.366:ERROR:process_memory_win.cc(73)] ReadMemory at 0x7fff1b540000 of 64 bytes failed: Only part of a ReadProcessMemory or WriteProcessMemory request was completed. (0x12B)
[0809/203435.366:WARNING:pe_image_reader.cc(340)] could not read dos header from C:\Windows\SYSTEM32\bcrypt.dll
[0809/203435.366:ERROR:process_memory_win.cc(73)] ReadMemory at 0x7fff1b790000 of 64 bytes failed: Only part of a ReadProcessMemory or WriteProcessMemory request was completed. (0x12B)
[0809/203435.366:WARNING:pe_image_reader.cc(340)] could not read dos header from C:\Windows\SYSTEM32\SSPICLI.DLL
[0809/203435.366:ERROR:process_memory_win.cc(73)] ReadMemory at 0x7fff1b790000 of 64 bytes failed: Only part of a ReadProcessMemory or WriteProcessMemory request was completed. (0x12B)
[0809/203435.366:WARNING:pe_image_reader.cc(340)] could not read dos header from C:\Windows\SYSTEM32\SSPICLI.DLL
[0809/203435.366:ERROR:process_memory_win.cc(73)] ReadMemory at 0x7fff1cb10200 of 40 bytes failed: Only part of a ReadProcessMemory or WriteProcessMemory request was completed. (0x12B)
[0809/203435.366:WARNING:pe_image_reader.cc(392)] could not read section 0 from C:\Windows\System32\SHELL32.dll
[0809/203435.366:ERROR:process_memory_win.cc(73)] ReadMemory at 0x7fff1cb10000 of 64 bytes failed: Only part of a ReadProcessMemory or WriteProcessMemory request was completed. (0x12B)
[0809/203435.366:WARNING:pe_image_reader.cc(340)] could not read dos header from C:\Windows\System32\SHELL32.dll
[0809/203435.366:ERROR:process_memory_win.cc(73)] ReadMemory at 0x7fff1bee0000 of 64 bytes failed: Only part of a ReadProcessMemory or WriteProcessMemory request was completed. (0x12B)
[0809/203435.366:WARNING:pe_image_reader.cc(340)] could not read dos header from C:\Windows\System32\windows.storage.dll
[0809/203435.366:ERROR:process_memory_win.cc(73)] ReadMemory at 0x7fff1bee0000 of 64 bytes failed: Only part of a ReadProcessMemory or WriteProcessMemory request was completed. (0x12B)
[0809/203435.366:WARNING:pe_image_reader.cc(340)] could not read dos header from C:\Windows\System32\windows.storage.dll
[0809/203435.366:ERROR:process_memory_win.cc(73)] ReadMemory at 0x7fff1e7500f0 of 264 bytes failed: Only part of a ReadProcessMemory or WriteProcessMemory request was completed. (0x12B)
[0809/203435.366:WARNING:pe_image_reader.cc(354)] could not read nt headers from C:\Windows\System32\shlwapi.dll
[0809/203435.366:ERROR:process_memory_win.cc(73)] ReadMemory at 0x7fff1e750000 of 64 bytes failed: Only part of a ReadProcessMemory or WriteProcessMemory request was completed. (0x12B)
[0809/203435.366:WARNING:pe_image_reader.cc(340)] could not read dos header from C:\Windows\System32\shlwapi.dll
[0809/203435.366:ERROR:process_memory_win.cc(73)] ReadMemory at 0x7fff1cac0000 of 64 bytes failed: Only part of a ReadProcessMemory or WriteProcessMemory request was completed. (0x12B)
[0809/203435.366:WARNING:pe_image_reader.cc(340)] could not read dos header from C:\Windows\System32\GDI32.dll
[0809/203435.366:ERROR:process_memory_win.cc(73)] ReadMemory at 0x7fff1cac0000 of 64 bytes failed: Only part of a ReadProcessMemory or WriteProcessMemory request was completed. (0x12B)
[0809/203435.366:WARNING:pe_image_reader.cc(340)] could not read dos header from C:\Windows\System32\GDI32.dll
[0809/203435.366:ERROR:process_memory_win.cc(73)] ReadMemory at 0x7fff1b9d0000 of 64 bytes failed: Only part of a ReadProcessMemory or WriteProcessMemory request was completed. (0x12B)
[0809/203435.367:WARNING:pe_image_reader.cc(340)] could not read dos header from C:\Windows\System32\gdi32full.dll
[0809/203435.367:ERROR:process_memory_win.cc(73)] ReadMemory at 0x7fff1b9d0000 of 64 bytes failed: Only part of a ReadProcessMemory or WriteProcessMemory request was completed. (0x12B)
[0809/203435.367:WARNING:pe_image_reader.cc(340)] could not read dos header from C:\Windows\System32\gdi32full.dll
[0809/203435.367:ERROR:process_memory_win.cc(73)] ReadMemory at 0x7fff1e280000 of 64 bytes failed: Only part of a ReadProcessMemory or WriteProcessMemory request was completed. (0x12B)
[0809/203435.367:WARNING:pe_image_reader.cc(340)] could not read dos header from C:\Windows\System32\USER32.dll
[0809/203435.367:ERROR:process_memory_win.cc(73)] ReadMemory at 0x7fff1e280000 of 64 bytes failed: Only part of a ReadProcessMemory or WriteProcessMemory request was completed. (0x12B)
[0809/203435.367:WARNING:pe_image_reader.cc(340)] could not read dos header from C:\Windows\System32\USER32.dll
[0809/203435.367:ERROR:process_memory_win.cc(73)] ReadMemory at 0x7fff1bc70000 of 64 bytes failed: Only part of a ReadProcessMemory or WriteProcessMemory request was completed. (0x12B)
[0809/203435.367:WARNING:pe_image_reader.cc(340)] could not read dos header from C:\Windows\System32\win32u.dll
[0809/203435.367:ERROR:process_memory_win.cc(73)] ReadMemory at 0x7fff1bc70000 of 64 bytes failed: Only part of a ReadProcessMemory or WriteProcessMemory request was completed. (0x12B)
[0809/203435.367:WARNING:pe_image_reader.cc(340)] could not read dos header from C:\Windows\System32\win32u.dll
[0809/203435.367:ERROR:process_memory_win.cc(73)] ReadMemory at 0x7fff1b8e0000 of 64 bytes failed: Only part of a ReadProcessMemory or WriteProcessMemory request was completed. (0x12B)
[0809/203435.367:WARNING:pe_image_reader.cc(340)] could not read dos header from C:\Windows\System32\powrprof.dll
[0809/203435.367:ERROR:process_memory_win.cc(73)] ReadMemory at 0x7fff1b8e0000 of 64 bytes failed: Only part of a ReadProcessMemory or WriteProcessMemory request was completed. (0x12B)
[0809/203435.367:WARNING:pe_image_reader.cc(340)] could not read dos header from C:\Windows\System32\powrprof.dll
[0809/203435.367:ERROR:process_memory_win.cc(73)] ReadMemory at 0x7fff1b8d0000 of 64 bytes failed: Only part of a ReadProcessMemory or WriteProcessMemory request was completed. (0x12B)
[0809/203435.367:WARNING:pe_image_reader.cc(340)] could not read dos header from C:\Windows\System32\FLTLIB.DLL
[0809/203435.367:ERROR:process_memory_win.cc(73)] ReadMemory at 0x7fff1b8d0000 of 64 bytes failed: Only part of a ReadProcessMemory or WriteProcessMemory request was completed. (0x12B)
[0809/203435.367:WARNING:pe_image_reader.cc(340)] could not read dos header from C:\Windows\System32\FLTLIB.DLL
[0809/203435.367:ERROR:process_memory_win.cc(73)] ReadMemory at 0x7fff1e7b0000 of 64 bytes failed: Only part of a ReadProcessMemory or WriteProcessMemory request was completed. (0x12B)
[0809/203435.367:WARNING:pe_image_reader.cc(340)] could not read dos header from C:\Windows\System32\IMM32.DLL
[0809/203435.367:ERROR:process_memory_win.cc(73)] ReadMemory at 0x7fff1e7b0000 of 64 bytes failed: Only part of a ReadProcessMemory or WriteProcessMemory request was completed. (0x12B)
[0809/203435.367:WARNING:pe_image_reader.cc(340)] could not read dos header from C:\Windows\System32\IMM32.DLL
[0809/203435.367:ERROR:process_memory_win.cc(73)] ReadMemory at 0x7fff1b530000 of 64 bytes failed: Only part of a ReadProcessMemory or WriteProcessMemory request was completed. (0x12B)
[0809/203435.367:WARNING:pe_image_reader.cc(340)] could not read dos header from C:\Windows\SYSTEM32\CRYPTBASE.DLL
[0809/203435.367:ERROR:process_memory_win.cc(73)] ReadMemory at 0x7fff1b530000 of 64 bytes failed: Only part of a ReadProcessMemory or WriteProcessMemory request was completed. (0x12B)
[0809/203435.367:WARNING:pe_image_reader.cc(340)] could not read dos header from C:\Windows\SYSTEM32\CRYPTBASE.DLL
[0809/203435.543:ERROR:process_memory_win.cc(73)] ReadMemory at 0x7ff789970000 of 64 bytes failed: Only part of a ReadProcessMemory or WriteProcessMemory request was completed. (0x12B)
[0809/203435.543:WARNING:pe_image_reader.cc(340)] could not read dos header from C:\Program Files (x86)\Google\Chrome\Application\chrome.exe
[0809/203435.543:ERROR:process_memory_win.cc(73)] ReadMemory at 0x7fff1f590000 of 64 bytes failed: Only part of a ReadProcessMemory or WriteProcessMemory request was completed. (0x12B)
[0809/203435.543:WARNING:pe_image_reader.cc(340)] could not read dos header from C:\Windows\SYSTEM32\ntdll.dll
[0809/203435.543:ERROR:process_memory_win.cc(73)] ReadMemory at 0x7fff1e410000 of 64 bytes failed: Only part of a ReadProcessMemory or WriteProcessMemory request was completed. (0x12B)
[0809/203435.543:WARNING:pe_image_reader.cc(340)] could not read dos header from C:\Windows\System32\KERNEL32.DLL
[0809/203435.543:ERROR:process_memory_win.cc(73)] ReadMemory at 0x7fff1c600000 of 64 bytes failed: Only part of a ReadProcessMemory or WriteProcessMemory request was completed. (0x12B)
[0809/203435.543:WARNING:pe_image_reader.cc(340)] could not read dos header from C:\Windows\System32\KERNELBASE.dll
[0809/203435.543:ERROR:process_memory_win.cc(73)] ReadMemory at 0x74880000 of 64 bytes failed: Only part of a ReadProcessMemory or WriteProcessMemory request was completed. (0x12B)
[0809/203435.543:WARNING:pe_image_reader.cc(340)] could not read dos header from C:\Windows\System32\SYSFER.DLL
[0809/203435.543:ERROR:process_memory_win.cc(73)] ReadMemory at 0x7ffefb6b0000 of 64 bytes failed: Only part of a ReadProcessMemory or WriteProcessMemory request was completed. (0x12B)
[0809/203435.543:WARNING:pe_image_reader.cc(340)] could not read dos header from C:\Program Files (x86)\Google\Chrome\Application\84.0.4147.105\chrome_elf.dll
[0809/203435.543:ERROR:process_memory_win.cc(73)] ReadMemory at 0x7fff12690000 of 64 bytes failed: Only part of a ReadProcessMemory or WriteProcessMemory request was completed. (0x12B)
[0809/203435.543:WARNING:pe_image_reader.cc(340)] could not read dos header from C:\Windows\SYSTEM32\VERSION.dll
[0809/203435.543:ERROR:process_memory_win.cc(73)] ReadMemory at 0x265fce10000 of 64 bytes failed: Only part of a ReadProcessMemory or WriteProcessMemory request was completed. (0x12B)
[0809/203435.543:WARNING:pe_image_reader.cc(340)] could not read dos header from C:\Windows\System32\msvcrt.dll
[0809/203435.543:ERROR:process_memory_win.cc(73)] ReadMemory at 0x265fcff0000 of 64 bytes failed: Only part of a ReadProcessMemory or WriteProcessMemory request was completed. (0x12B)
[0809/203435.543:WARNING:pe_image_reader.cc(340)] could not read dos header from C:\Windows\System32\umppc11103.dll
[0809/203435.543:ERROR:process_memory_win.cc(73)] ReadMemory at 0x7fff1b950000 of 64 bytes failed: Only part of a ReadProcessMemory or WriteProcessMemory request was completed. (0x12B)
[0809/203435.544:WARNING:pe_image_reader.cc(340)] could not read dos header from C:\Windows\System32\bcryptPrimitives.dll
[0809/203435.544:ERROR:process_memory_win.cc(73)] ReadMemory at 0x7fff1e6a0000 of 64 bytes failed: Only part of a ReadProcessMemory or WriteProcessMemory request was completed. (0x12B)
[0809/203435.544:WARNING:pe_image_reader.cc(340)] could not read dos header from C:\Windows\System32\ADVAPI32.dll
[0809/203435.544:ERROR:process_memory_win.cc(73)] ReadMemory at 0x7fff1e570000 of 64 bytes failed: Only part of a ReadProcessMemory or WriteProcessMemory request was completed. (0x12B)
[0809/203435.544:WARNING:pe_image_reader.cc(340)] could not read dos header from C:\Windows\System32\sechost.dll
[0809/203435.544:ERROR:process_memory_win.cc(73)] ReadMemory at 0x7fff1f290000 of 64 bytes failed: Only part of a ReadProcessMemory or WriteProcessMemory request was completed. (0x12B)
[0809/203435.544:WARNING:pe_image_reader.cc(340)] could not read dos header from C:\Windows\System32\RPCRT4.dll
[0809/203435.544:ERROR:process_memory_win.cc(73)] ReadMemory at 0x7ffebf630000 of 64 bytes failed: Only part of a ReadProcessMemory or WriteProcessMemory request was completed. (0x12B)
[0809/203435.544:WARNING:pe_image_reader.cc(340)] could not read dos header from C:\Program Files (x86)\Google\Chrome\Application\84.0.4147.105\chrome.dll
[0809/203435.544:ERROR:process_memory_win.cc(73)] ReadMemory at 0x7fff1f190000 of 64 bytes failed: Only part of a ReadProcessMemory or WriteProcessMemory request was completed. (0x12B)
[0809/203435.544:WARNING:pe_image_reader.cc(340)] could not read dos header from C:\Windows\System32\WS2_32.dll
[0809/203435.544:ERROR:process_memory_win.cc(73)] ReadMemory at 0x7fff1e5d0000 of 64 bytes failed: Only part of a ReadProcessMemory or WriteProcessMemory request was completed. (0x12B)
[0809/203435.544:WARNING:pe_image_reader.cc(340)] could not read dos header from C:\Windows\System32\OLEAUT32.dll
[0809/203435.544:ERROR:process_memory_win.cc(73)] ReadMemory at 0x7fff1c880000 of 64 bytes failed: Only part of a ReadProcessMemory or WriteProcessMemory request was completed. (0x12B)
[0809/203435.544:WARNING:pe_image_reader.cc(340)] could not read dos header from C:\Windows\System32\msvcp_win.dll
[0809/203435.544:ERROR:process_memory_win.cc(73)] ReadMemory at 0x7fff1c920000 of 64 bytes failed: Only part of a ReadProcessMemory or WriteProcessMemory request was completed. (0x12B)
[0809/203435.544:WARNING:pe_image_reader.cc(340)] could not read dos header from C:\Windows\System32\ucrtbase.dll
[0809/203435.544:ERROR:process_memory_win.cc(73)] ReadMemory at 0x7fff1df60000 of 64 bytes failed: Only part of a ReadProcessMemory or WriteProcessMemory request was completed. (0x12B)
[0809/203435.544:WARNING:pe_image_reader.cc(340)] could not read dos header from C:\Windows\System32\combase.dll
[0809/203435.544:ERROR:process_memory_win.cc(73)] ReadMemory at 0x7fff1bc90000 of 64 bytes failed: Only part of a ReadProcessMemory or WriteProcessMemory request was completed. (0x12B)
[0809/203435.544:WARNING:pe_image_reader.cc(340)] could not read dos header from C:\Windows\System32\WINTRUST.dll
[0809/203435.544:ERROR:process_memory_win.cc(73)] ReadMemory at 0x7fff1b890000 of 64 bytes failed: Only part of a ReadProcessMemory or WriteProcessMemory request was completed. (0x12B)
[0809/203435.544:WARNING:pe_image_reader.cc(340)] could not read dos header from C:\Windows\System32\MSASN1.dll
[0809/203435.544:ERROR:process_memory_win.cc(73)] ReadMemory at 0x7fff1bcf0000 of 64 bytes failed: Only part of a ReadProcessMemory or WriteProcessMemory request was completed. (0x12B)
[0809/203435.544:WARNING:pe_image_reader.cc(340)] could not read dos header from C:\Windows\System32\CRYPT32.dll
[0809/203435.544:ERROR:process_memory_win.cc(73)] ReadMemory at 0x7fff1aca0000 of 64 bytes failed: Only part of a ReadProcessMemory or WriteProcessMemory request was completed. (0x12B)
[0809/203435.544:WARNING:pe_image_reader.cc(340)] could not read dos header from C:\Windows\SYSTEM32\IPHLPAPI.DLL
[0809/203435.544:ERROR:process_memory_win.cc(73)] ReadMemory at 0x7fff18b40000 of 64 bytes failed: Only part of a ReadProcessMemory or WriteProcessMemory request was completed. (0x12B)
[0809/203435.544:WARNING:pe_image_reader.cc(340)] could not read dos header from C:\Windows\SYSTEM32\WINMM.dll
[0809/203435.544:ERROR:process_memory_win.cc(73)] ReadMemory at 0x7fff1aa70000 of 64 bytes failed: Only part of a ReadProcessMemory or WriteProcessMemory request was completed. (0x12B)
[0809/203435.544:WARNING:pe_image_reader.cc(340)] could not read dos header from C:\Windows\SYSTEM32\Secur32.dll
[0809/203435.544:ERROR:process_memory_win.cc(73)] ReadMemory at 0x7fff1b7c0000 of 64 bytes failed: Only part of a ReadProcessMemory or WriteProcessMemory request was completed. (0x12B)
[0809/203435.544:WARNING:pe_image_reader.cc(340)] could not read dos header from C:\Windows\SYSTEM32\USERENV.dll
[0809/203435.544:ERROR:process_memory_win.cc(73)] ReadMemory at 0x7fff1b930000 of 64 bytes failed: Only part of a ReadProcessMemory or WriteProcessMemory request was completed. (0x12B)
[0809/203435.544:WARNING:pe_image_reader.cc(340)] could not read dos header from C:\Windows\System32\profapi.dll
[0809/203435.544:ERROR:process_memory_win.cc(73)] ReadMemory at 0x7ffef7510000 of 64 bytes failed: Only part of a ReadProcessMemory or WriteProcessMemory request was completed. (0x12B)
[0809/203435.545:WARNING:pe_image_reader.cc(340)] could not read dos header from C:\Windows\SYSTEM32\UIAutomationCore.DLL
[0809/203435.545:ERROR:process_memory_win.cc(73)] ReadMemory at 0x7fff19550000 of 64 bytes failed: Only part of a ReadProcessMemory or WriteProcessMemory request was completed. (0x12B)
[0809/203435.545:WARNING:pe_image_reader.cc(340)] could not read dos header from C:\Windows\SYSTEM32\DWrite.dll
[0809/203435.545:ERROR:process_memory_win.cc(73)] ReadMemory at 0x7fff147b0000 of 64 bytes failed: Only part of a ReadProcessMemory or WriteProcessMemory request was completed. (0x12B)
[0809/203435.545:WARNING:pe_image_reader.cc(340)] could not read dos header from C:\Windows\SYSTEM32\WINSPOOL.DRV
[0809/203435.545:ERROR:process_memory_win.cc(73)] ReadMemory at 0x7fff1b8b0000 of 64 bytes failed: Only part of a ReadProcessMemory or WriteProcessMemory request was completed. (0x12B)
[0809/203435.545:WARNING:pe_image_reader.cc(340)] could not read dos header from C:\Windows\System32\kernel.appcore.dll
[0809/203435.545:ERROR:process_memory_win.cc(73)] ReadMemory at 0x7fff19f20000 of 64 bytes failed: Only part of a ReadProcessMemory or WriteProcessMemory request was completed. (0x12B)
[0809/203435.545:WARNING:pe_image_reader.cc(340)] could not read dos header from C:\Windows\SYSTEM32\dbghelp.dll
[0809/203435.545:ERROR:process_memory_win.cc(73)] ReadMemory at 0x7fff16550000 of 64 bytes failed: Only part of a ReadProcessMemory or WriteProcessMemory request was completed. (0x12B)
[0809/203435.545:WARNING:pe_image_reader.cc(340)] could not read dos header from C:\Windows\SYSTEM32\WINHTTP.dll
[0809/203435.545:ERROR:process_memory_win.cc(73)] ReadMemory at 0x7fff17220000 of 64 bytes failed: Only part of a ReadProcessMemory or WriteProcessMemory request was completed. (0x12B)
[0809/203435.545:WARNING:pe_image_reader.cc(340)] could not read dos header from C:\Windows\SYSTEM32\dhcpcsvc.DLL
[0809/203435.545:ERROR:process_memory_win.cc(73)] ReadMemory at 0x7fff1ea50000 of 64 bytes failed: Only part of a ReadProcessMemory or WriteProcessMemory request was completed. (0x12B)
[0809/203435.545:WARNING:pe_image_reader.cc(340)] could not read dos header from C:\Windows\System32\NSI.dll
[0809/203435.545:ERROR:process_memory_win.cc(73)] ReadMemory at 0x7fff18b10000 of 64 bytes failed: Only part of a ReadProcessMemory or WriteProcessMemory request was completed. (0x12B)
[0809/203435.545:WARNING:pe_image_reader.cc(340)] could not read dos header from C:\Windows\SYSTEM32\WINMMBASE.dll
[0809/203435.545:ERROR:process_memory_win.cc(73)] ReadMemory at 0x7fff1bb70000 of 64 bytes failed: Only part of a ReadProcessMemory or WriteProcessMemory request was completed. (0x12B)
[0809/203435.545:WARNING:pe_image_reader.cc(340)] could not read dos header from C:\Windows\System32\cfgmgr32.dll
[0809/203435.545:ERROR:process_memory_win.cc(73)] ReadMemory at 0x7fff161c0000 of 64 bytes failed: Only part of a ReadProcessMemory or WriteProcessMemory request was completed. (0x12B)
[0809/203435.545:WARNING:pe_image_reader.cc(340)] could not read dos header from C:\Windows\SYSTEM32\PROPSYS.dll
[0809/203435.545:ERROR:process_memory_win.cc(73)] ReadMemory at 0x7fff1ea70000 of 64 bytes failed: Only part of a ReadProcessMemory or WriteProcessMemory request was completed. (0x12B)
[0809/203435.545:WARNING:pe_image_reader.cc(340)] could not read dos header from C:\Windows\System32\shcore.dll
[0809/203435.545:ERROR:process_memory_win.cc(73)] ReadMemory at 0x7fff1b540000 of 64 bytes failed: Only part of a ReadProcessMemory or WriteProcessMemory request was completed. (0x12B)
[0809/203435.545:WARNING:pe_image_reader.cc(340)] could not read dos header from C:\Windows\SYSTEM32\bcrypt.dll
[0809/203435.545:ERROR:process_memory_win.cc(73)] ReadMemory at 0x7fff1b790000 of 64 bytes failed: Only part of a ReadProcessMemory or WriteProcessMemory request was completed. (0x12B)
[0809/203435.545:WARNING:pe_image_reader.cc(340)] could not read dos header from C:\Windows\SYSTEM32\SSPICLI.DLL
[0809/203435.545:ERROR:process_memory_win.cc(73)] ReadMemory at 0x7fff1cb10000 of 64 bytes failed: Only part of a ReadProcessMemory or WriteProcessMemory request was completed. (0x12B)
[0809/203435.545:WARNING:pe_image_reader.cc(340)] could not read dos header from C:\Windows\System32\SHELL32.dll
[0809/203435.545:ERROR:process_memory_win.cc(73)] ReadMemory at 0x7fff1bee0000 of 64 bytes failed: Only part of a ReadProcessMemory or WriteProcessMemory request was completed. (0x12B)
[0809/203435.545:WARNING:pe_image_reader.cc(340)] could not read dos header from C:\Windows\System32\windows.storage.dll
[0809/203435.545:ERROR:process_memory_win.cc(73)] ReadMemory at 0x7fff1e750000 of 64 bytes failed: Only part of a ReadProcessMemory or WriteProcessMemory request was completed. (0x12B)
[0809/203435.545:WARNING:pe_image_reader.cc(340)] could not read dos header from C:\Windows\System32\shlwapi.dll
[0809/203435.545:ERROR:process_memory_win.cc(73)] ReadMemory at 0x7fff1cac0000 of 64 bytes failed: Only part of a ReadProcessMemory or WriteProcessMemory request was completed. (0x12B)
[0809/203435.545:WARNING:pe_image_reader.cc(340)] could not read dos header from C:\Windows\System32\GDI32.dll
[0809/203435.546:ERROR:process_memory_win.cc(73)] ReadMemory at 0x7fff1b9d0000 of 64 bytes failed: Only part of a ReadProcessMemory or WriteProcessMemory request was completed. (0x12B)
[0809/203435.546:WARNING:pe_image_reader.cc(340)] could not read dos header from C:\Windows\System32\gdi32full.dll
[0809/203435.546:ERROR:process_memory_win.cc(73)] ReadMemory at 0x7fff1e280000 of 64 bytes failed: Only part of a ReadProcessMemory or WriteProcessMemory request was completed. (0x12B)
[0809/203435.546:WARNING:pe_image_reader.cc(340)] could not read dos header from C:\Windows\System32\USER32.dll
[0809/203435.546:ERROR:process_memory_win.cc(73)] ReadMemory at 0x7fff1bc70000 of 64 bytes failed: Only part of a ReadProcessMemory or WriteProcessMemory request was completed. (0x12B)
[0809/203435.546:WARNING:pe_image_reader.cc(340)] could not read dos header from C:\Windows\System32\win32u.dll
[0809/203435.546:ERROR:process_memory_win.cc(73)] ReadMemory at 0x7fff1b8e0000 of 64 bytes failed: Only part of a ReadProcessMemory or WriteProcessMemory request was completed. (0x12B)
[0809/203435.546:WARNING:pe_image_reader.cc(340)] could not read dos header from C:\Windows\System32\powrprof.dll
[0809/203435.546:ERROR:process_memory_win.cc(73)] ReadMemory at 0x7fff1b8d0000 of 64 bytes failed: Only part of a ReadProcessMemory or WriteProcessMemory request was completed. (0x12B)
[0809/203435.546:WARNING:pe_image_reader.cc(340)] could not read dos header from C:\Windows\System32\FLTLIB.DLL
[0809/203435.546:ERROR:process_memory_win.cc(73)] ReadMemory at 0x7fff1e7b0000 of 64 bytes failed: Only part of a ReadProcessMemory or WriteProcessMemory request was completed. (0x12B)
[0809/203435.546:WARNING:pe_image_reader.cc(340)] could not read dos header from C:\Windows\System32\IMM32.DLL
[0809/203435.546:ERROR:process_memory_win.cc(73)] ReadMemory at 0x7fff1b530000 of 64 bytes failed: Only part of a ReadProcessMemory or WriteProcessMemory request was completed. (0x12B)
[0809/203435.546:WARNING:pe_image_reader.cc(340)] could not read dos header from C:\Windows\SYSTEM32\CRYPTBASE.DLL
[0809/203435.554:ERROR:process_memory_win.cc(73)] ReadMemory at 0x7ff789970000 of 64 bytes failed: Only part of a ReadProcessMemory or WriteProcessMemory request was completed. (0x12B)
[0809/203435.555:WARNING:pe_image_reader.cc(340)] could not read dos header from C:\Program Files (x86)\Google\Chrome\Application\chrome.exe
[0809/203435.555:ERROR:process_memory_win.cc(73)] ReadMemory at 0x7fff1f590000 of 64 bytes failed: Only part of a ReadProcessMemory or WriteProcessMemory request was completed. (0x12B)
[0809/203435.555:WARNING:pe_image_reader.cc(340)] could not read dos header from C:\Windows\SYSTEM32\ntdll.dll
[0809/203435.555:ERROR:process_memory_win.cc(73)] ReadMemory at 0x7fff1e410000 of 64 bytes failed: Only part of a ReadProcessMemory or WriteProcessMemory request was completed. (0x12B)
[0809/203435.555:WARNING:pe_image_reader.cc(340)] could not read dos header from C:\Windows\System32\KERNEL32.DLL
[0809/203435.555:ERROR:process_memory_win.cc(73)] ReadMemory at 0x7fff1c600000 of 64 bytes failed: Only part of a ReadProcessMemory or WriteProcessMemory request was completed. (0x12B)
[0809/203435.555:WARNING:pe_image_reader.cc(340)] could not read dos header from C:\Windows\System32\KERNELBASE.dll
[0809/203435.555:ERROR:process_memory_win.cc(73)] ReadMemory at 0x74880000 of 64 bytes failed: Only part of a ReadProcessMemory or WriteProcessMemory request was completed. (0x12B)
[0809/203435.555:WARNING:pe_image_reader.cc(340)] could not read dos header from C:\Windows\System32\SYSFER.DLL
[0809/203435.555:ERROR:process_memory_win.cc(73)] ReadMemory at 0x7ffefb6b0000 of 64 bytes failed: Only part of a ReadProcessMemory or WriteProcessMemory request was completed. (0x12B)
[0809/203435.555:WARNING:pe_image_reader.cc(340)] could not read dos header from C:\Program Files (x86)\Google\Chrome\Application\84.0.4147.105\chrome_elf.dll
[0809/203435.555:ERROR:process_memory_win.cc(73)] ReadMemory at 0x7fff12690000 of 64 bytes failed: Only part of a ReadProcessMemory or WriteProcessMemory request was completed. (0x12B)
[0809/203435.555:WARNING:pe_image_reader.cc(340)] could not read dos header from C:\Windows\SYSTEM32\VERSION.dll
[0809/203435.555:ERROR:process_memory_win.cc(73)] ReadMemory at 0x265fce10000 of 64 bytes failed: Only part of a ReadProcessMemory or WriteProcessMemory request was completed. (0x12B)
[0809/203435.555:WARNING:pe_image_reader.cc(340)] could not read dos header from C:\Windows\System32\msvcrt.dll
[0809/203435.555:ERROR:process_memory_win.cc(73)] ReadMemory at 0x265fcff0000 of 64 bytes failed: Only part of a ReadProcessMemory or WriteProcessMemory request was completed. (0x12B)
[0809/203435.555:WARNING:pe_image_reader.cc(340)] could not read dos header from C:\Windows\System32\umppc11103.dll
[0809/203435.555:ERROR:process_memory_win.cc(73)] ReadMemory at 0x7fff1b950000 of 64 bytes failed: Only part of a ReadProcessMemory or WriteProcessMemory request was completed. (0x12B)
[0809/203435.555:WARNING:pe_image_reader.cc(340)] could not read dos header from C:\Windows\System32\bcryptPrimitives.dll
[0809/203435.555:ERROR:process_memory_win.cc(73)] ReadMemory at 0x7fff1e6a0000 of 64 bytes failed: Only part of a ReadProcessMemory or WriteProcessMemory request was completed. (0x12B)
[0809/203435.555:WARNING:pe_image_reader.cc(340)] could not read dos header from C:\Windows\System32\ADVAPI32.dll
[0809/203435.555:ERROR:process_memory_win.cc(73)] ReadMemory at 0x7fff1e570000 of 64 bytes failed: Only part of a ReadProcessMemory or WriteProcessMemory request was completed. (0x12B)
[0809/203435.555:WARNING:pe_image_reader.cc(340)] could not read dos header from C:\Windows\System32\sechost.dll
[0809/203435.555:ERROR:process_memory_win.cc(73)] ReadMemory at 0x7fff1f290000 of 64 bytes failed: Only part of a ReadProcessMemory or WriteProcessMemory request was completed. (0x12B)
[0809/203435.555:WARNING:pe_image_reader.cc(340)] could not read dos header from C:\Windows\System32\RPCRT4.dll
[0809/203435.555:ERROR:process_memory_win.cc(73)] ReadMemory at 0x7ffebf630000 of 64 bytes failed: Only part of a ReadProcessMemory or WriteProcessMemory request was completed. (0x12B)
[0809/203435.555:WARNING:pe_image_reader.cc(340)] could not read dos header from C:\Program Files (x86)\Google\Chrome\Application\84.0.4147.105\chrome.dll
[0809/203435.555:ERROR:process_memory_win.cc(73)] ReadMemory at 0x7fff1f190000 of 64 bytes failed: Only part of a ReadProcessMemory or WriteProcessMemory request was completed. (0x12B)
[0809/203435.555:WARNING:pe_image_reader.cc(340)] could not read dos header from C:\Windows\System32\WS2_32.dll
[0809/203435.555:ERROR:process_memory_win.cc(73)] ReadMemory at 0x7fff1e5d0000 of 64 bytes failed: Only part of a ReadProcessMemory or WriteProcessMemory request was completed. (0x12B)
[0809/203435.555:WARNING:pe_image_reader.cc(340)] could not read dos header from C:\Windows\System32\OLEAUT32.dll
[0809/203435.555:ERROR:process_memory_win.cc(73)] ReadMemory at 0x7fff1c880000 of 64 bytes failed: Only part of a ReadProcessMemory or WriteProcessMemory request was completed. (0x12B)
[0809/203435.555:WARNING:pe_image_reader.cc(340)] could not read dos header from C:\Windows\System32\msvcp_win.dll
[0809/203435.555:ERROR:process_memory_win.cc(73)] ReadMemory at 0x7fff1c920000 of 64 bytes failed: Only part of a ReadProcessMemory or WriteProcessMemory request was completed. (0x12B)
[0809/203435.555:WARNING:pe_image_reader.cc(340)] could not read dos header from C:\Windows\System32\ucrtbase.dll
[0809/203435.555:ERROR:process_memory_win.cc(73)] ReadMemory at 0x7fff1df60000 of 64 bytes failed: Only part of a ReadProcessMemory or WriteProcessMemory request was completed. (0x12B)
[0809/203435.555:WARNING:pe_image_reader.cc(340)] could not read dos header from C:\Windows\System32\combase.dll
[0809/203435.556:ERROR:process_memory_win.cc(73)] ReadMemory at 0x7fff1bc90000 of 64 bytes failed: Only part of a ReadProcessMemory or WriteProcessMemory request was completed. (0x12B)
[0809/203435.556:WARNING:pe_image_reader.cc(340)] could not read dos header from C:\Windows\System32\WINTRUST.dll
[0809/203435.556:ERROR:process_memory_win.cc(73)] ReadMemory at 0x7fff1b890000 of 64 bytes failed: Only part of a ReadProcessMemory or WriteProcessMemory request was completed. (0x12B)
[0809/203435.556:WARNING:pe_image_reader.cc(340)] could not read dos header from C:\Windows\System32\MSASN1.dll
[0809/203435.556:ERROR:process_memory_win.cc(73)] ReadMemory at 0x7fff1bcf0000 of 64 bytes failed: Only part of a ReadProcessMemory or WriteProcessMemory request was completed. (0x12B)
[0809/203435.556:WARNING:pe_image_reader.cc(340)] could not read dos header from C:\Windows\System32\CRYPT32.dll
[0809/203435.556:ERROR:process_memory_win.cc(73)] ReadMemory at 0x7fff1aca0000 of 64 bytes failed: Only part of a ReadProcessMemory or WriteProcessMemory request was completed. (0x12B)
[0809/203435.556:WARNING:pe_image_reader.cc(340)] could not read dos header from C:\Windows\SYSTEM32\IPHLPAPI.DLL
[0809/203435.556:ERROR:process_memory_win.cc(73)] ReadMemory at 0x7fff18b40000 of 64 bytes failed: Only part of a ReadProcessMemory or WriteProcessMemory request was completed. (0x12B)
[0809/203435.556:WARNING:pe_image_reader.cc(340)] could not read dos header from C:\Windows\SYSTEM32\WINMM.dll
[0809/203435.556:ERROR:process_memory_win.cc(73)] ReadMemory at 0x7fff1aa70000 of 64 bytes failed: Only part of a ReadProcessMemory or WriteProcessMemory request was completed. (0x12B)
[0809/203435.556:WARNING:pe_image_reader.cc(340)] could not read dos header from C:\Windows\SYSTEM32\Secur32.dll
[0809/203435.556:ERROR:process_memory_win.cc(73)] ReadMemory at 0x7fff1b7c0000 of 64 bytes failed: Only part of a ReadProcessMemory or WriteProcessMemory request was completed. (0x12B)
[0809/203435.556:WARNING:pe_image_reader.cc(340)] could not read dos header from C:\Windows\SYSTEM32\USERENV.dll
[0809/203435.556:ERROR:process_memory_win.cc(73)] ReadMemory at 0x7fff1b930000 of 64 bytes failed: Only part of a ReadProcessMemory or WriteProcessMemory request was completed. (0x12B)
[0809/203435.556:WARNING:pe_image_reader.cc(340)] could not read dos header from C:\Windows\System32\profapi.dll
[0809/203435.556:ERROR:process_memory_win.cc(73)] ReadMemory at 0x7ffef7510000 of 64 bytes failed: Only part of a ReadProcessMemory or WriteProcessMemory request was completed. (0x12B)
[0809/203435.556:WARNING:pe_image_reader.cc(340)] could not read dos header from C:\Windows\SYSTEM32\UIAutomationCore.DLL
[0809/203435.556:ERROR:process_memory_win.cc(73)] ReadMemory at 0x7fff19550000 of 64 bytes failed: Only part of a ReadProcessMemory or WriteProcessMemory request was completed. (0x12B)
[0809/203435.556:WARNING:pe_image_reader.cc(340)] could not read dos header from C:\Windows\SYSTEM32\DWrite.dll
[0809/203435.556:ERROR:process_memory_win.cc(73)] ReadMemory at 0x7fff147b0000 of 64 bytes failed: Only part of a ReadProcessMemory or WriteProcessMemory request was completed. (0x12B)
[0809/203435.556:WARNING:pe_image_reader.cc(340)] could not read dos header from C:\Windows\SYSTEM32\WINSPOOL.DRV
[0809/203435.556:ERROR:process_memory_win.cc(73)] ReadMemory at 0x7fff1b8b0000 of 64 bytes failed: Only part of a ReadProcessMemory or WriteProcessMemory request was completed. (0x12B)
[0809/203435.556:WARNING:pe_image_reader.cc(340)] could not read dos header from C:\Windows\System32\kernel.appcore.dll
[0809/203435.556:ERROR:process_memory_win.cc(73)] ReadMemory at 0x7fff19f20000 of 64 bytes failed: Only part of a ReadProcessMemory or WriteProcessMemory request was completed. (0x12B)
[0809/203435.556:WARNING:pe_image_reader.cc(340)] could not read dos header from C:\Windows\SYSTEM32\dbghelp.dll
[0809/203435.556:ERROR:process_memory_win.cc(73)] ReadMemory at 0x7fff16550000 of 64 bytes failed: Only part of a ReadProcessMemory or WriteProcessMemory request was completed. (0x12B)
[0809/203435.556:WARNING:pe_image_reader.cc(340)] could not read dos header from C:\Windows\SYSTEM32\WINHTTP.dll
[0809/203435.556:ERROR:process_memory_win.cc(73)] ReadMemory at 0x7fff17220000 of 64 bytes failed: Only part of a ReadProcessMemory or WriteProcessMemory request was completed. (0x12B)
[0809/203435.556:WARNING:pe_image_reader.cc(340)] could not read dos header from C:\Windows\SYSTEM32\dhcpcsvc.DLL
[0809/203435.556:ERROR:process_memory_win.cc(73)] ReadMemory at 0x7fff1ea50000 of 64 bytes failed: Only part of a ReadProcessMemory or WriteProcessMemory request was completed. (0x12B)
[0809/203435.556:WARNING:pe_image_reader.cc(340)] could not read dos header from C:\Windows\System32\NSI.dll
[0809/203435.556:ERROR:process_memory_win.cc(73)] ReadMemory at 0x7fff18b10000 of 64 bytes failed: Only part of a ReadProcessMemory or WriteProcessMemory request was completed. (0x12B)
[0809/203435.556:WARNING:pe_image_reader.cc(340)] could not read dos header from C:\Windows\SYSTEM32\WINMMBASE.dll
[0809/203435.556:ERROR:process_memory_win.cc(73)] ReadMemory at 0x7fff1bb70000 of 64 bytes failed: Only part of a ReadProcessMemory or WriteProcessMemory request was completed. (0x12B)
[0809/203435.556:WARNING:pe_image_reader.cc(340)] could not read dos header from C:\Windows\System32\cfgmgr32.dll
[0809/203435.557:ERROR:process_memory_win.cc(73)] ReadMemory at 0x7fff161c0000 of 64 bytes failed: Only part of a ReadProcessMemory or WriteProcessMemory request was completed. (0x12B)
[0809/203435.557:WARNING:pe_image_reader.cc(340)] could not read dos header from C:\Windows\SYSTEM32\PROPSYS.dll
[0809/203435.557:ERROR:process_memory_win.cc(73)] ReadMemory at 0x7fff1ea70000 of 64 bytes failed: Only part of a ReadProcessMemory or WriteProcessMemory request was completed. (0x12B)
[0809/203435.557:WARNING:pe_image_reader.cc(340)] could not read dos header from C:\Windows\System32\shcore.dll
[0809/203435.557:ERROR:process_memory_win.cc(73)] ReadMemory at 0x7fff1b540000 of 64 bytes failed: Only part of a ReadProcessMemory or WriteProcessMemory request was completed. (0x12B)
[0809/203435.557:WARNING:pe_image_reader.cc(340)] could not read dos header from C:\Windows\SYSTEM32\bcrypt.dll
[0809/203435.557:ERROR:process_memory_win.cc(73)] ReadMemory at 0x7fff1b790000 of 64 bytes failed: Only part of a ReadProcessMemory or WriteProcessMemory request was completed. (0x12B)
[0809/203435.557:WARNING:pe_image_reader.cc(340)] could not read dos header from C:\Windows\SYSTEM32\SSPICLI.DLL
[0809/203435.557:ERROR:process_memory_win.cc(73)] ReadMemory at 0x7fff1cb10000 of 64 bytes failed: Only part of a ReadProcessMemory or WriteProcessMemory request was completed. (0x12B)
[0809/203435.557:WARNING:pe_image_reader.cc(340)] could not read dos header from C:\Windows\System32\SHELL32.dll
[0809/203435.557:ERROR:process_memory_win.cc(73)] ReadMemory at 0x7fff1bee0000 of 64 bytes failed: Only part of a ReadProcessMemory or WriteProcessMemory request was completed. (0x12B)
[0809/203435.557:WARNING:pe_image_reader.cc(340)] could not read dos header from C:\Windows\System32\windows.storage.dll
[0809/203435.557:ERROR:process_memory_win.cc(73)] ReadMemory at 0x7fff1e750000 of 64 bytes failed: Only part of a ReadProcessMemory or WriteProcessMemory request was completed. (0x12B)
[0809/203435.557:WARNING:pe_image_reader.cc(340)] could not read dos header from C:\Windows\System32\shlwapi.dll
[0809/203435.557:ERROR:process_memory_win.cc(73)] ReadMemory at 0x7fff1cac0000 of 64 bytes failed: Only part of a ReadProcessMemory or WriteProcessMemory request was completed. (0x12B)
[0809/203435.557:WARNING:pe_image_reader.cc(340)] could not read dos header from C:\Windows\System32\GDI32.dll
[0809/203435.557:ERROR:process_memory_win.cc(73)] ReadMemory at 0x7fff1b9d0000 of 64 bytes failed: Only part of a ReadProcessMemory or WriteProcessMemory request was completed. (0x12B)
[0809/203435.557:WARNING:pe_image_reader.cc(340)] could not read dos header from C:\Windows\System32\gdi32full.dll
[0809/203435.557:ERROR:process_memory_win.cc(73)] ReadMemory at 0x7fff1e280000 of 64 bytes failed: Only part of a ReadProcessMemory or WriteProcessMemory request was completed. (0x12B)
[0809/203435.557:WARNING:pe_image_reader.cc(340)] could not read dos header from C:\Windows\System32\USER32.dll
[0809/203435.557:ERROR:process_memory_win.cc(73)] ReadMemory at 0x7fff1bc70000 of 64 bytes failed: Only part of a ReadProcessMemory or WriteProcessMemory request was completed. (0x12B)
[0809/203435.557:WARNING:pe_image_reader.cc(340)] could not read dos header from C:\Windows\System32\win32u.dll
[0809/203435.557:ERROR:process_memory_win.cc(73)] ReadMemory at 0x7fff1b8e0000 of 64 bytes failed: Only part of a ReadProcessMemory or WriteProcessMemory request was completed. (0x12B)
[0809/203435.557:WARNING:pe_image_reader.cc(340)] could not read dos header from C:\Windows\System32\powrprof.dll
[0809/203435.557:ERROR:process_memory_win.cc(73)] ReadMemory at 0x7fff1b8d0000 of 64 bytes failed: Only part of a ReadProcessMemory or WriteProcessMemory request was completed. (0x12B)
[0809/203435.557:WARNING:pe_image_reader.cc(340)] could not read dos header from C:\Windows\System32\FLTLIB.DLL
[0809/203435.557:ERROR:process_memory_win.cc(73)] ReadMemory at 0x7fff1e7b0000 of 64 bytes failed: Only part of a ReadProcessMemory or WriteProcessMemory request was completed. (0x12B)
[0809/203435.557:WARNING:pe_image_reader.cc(340)] could not read dos header from C:\Windows\System32\IMM32.DLL
[0809/203435.557:ERROR:process_memory_win.cc(73)] ReadMemory at 0x7fff1b530000 of 64 bytes failed: Only part of a ReadProcessMemory or WriteProcessMemory request was completed. (0x12B)
[0809/203435.557:WARNING:pe_image_reader.cc(340)] could not read dos header from C:\Windows\SYSTEM32\CRYPTBASE.DLL
[0809/203435.557:ERROR:process_memory_win.cc(73)] ReadMemory at 0x7ff789970000 of 64 bytes failed: Only part of a ReadProcessMemory or WriteProcessMemory request was completed. (0x12B)
[0809/203435.557:WARNING:pe_image_reader.cc(340)] could not read dos header from C:\Program Files (x86)\Google\Chrome\Application\chrome.exe
[0809/203435.557:ERROR:process_memory_win.cc(73)] ReadMemory at 0x7fff1f590000 of 64 bytes failed: Only part of a ReadProcessMemory or WriteProcessMemory request was completed. (0x12B)
[0809/203435.557:WARNING:pe_image_reader.cc(340)] could not read dos header from C:\Windows\SYSTEM32\ntdll.dll
[0809/203435.557:ERROR:process_memory_win.cc(73)] ReadMemory at 0x7fff1e410000 of 64 bytes failed: Only part of a ReadProcessMemory or WriteProcessMemory request was completed. (0x12B)
[0809/203435.557:WARNING:pe_image_reader.cc(340)] could not read dos header from C:\Windows\System32\KERNEL32.DLL
[0809/203435.557:ERROR:process_memory_win.cc(73)] ReadMemory at 0x7fff1c600000 of 64 bytes failed: Only part of a ReadProcessMemory or WriteProcessMemory request was completed. (0x12B)
[0809/203435.557:WARNING:pe_image_reader.cc(340)] could not read dos header from C:\Windows\System32\KERNELBASE.dll
[0809/203435.557:ERROR:process_memory_win.cc(73)] ReadMemory at 0x74880000 of 64 bytes failed: Only part of a ReadProcessMemory or WriteProcessMemory request was completed. (0x12B)
[0809/203435.558:WARNING:pe_image_reader.cc(340)] could not read dos header from C:\Windows\System32\SYSFER.DLL
[0809/203435.558:ERROR:process_memory_win.cc(73)] ReadMemory at 0x7ffefb6b0000 of 64 bytes failed: Only part of a ReadProcessMemory or WriteProcessMemory request was completed. (0x12B)
[0809/203435.558:WARNING:pe_image_reader.cc(340)] could not read dos header from C:\Program Files (x86)\Google\Chrome\Application\84.0.4147.105\chrome_elf.dll
[0809/203435.558:ERROR:process_memory_win.cc(73)] ReadMemory at 0x7fff12690000 of 64 bytes failed: Only part of a ReadProcessMemory or WriteProcessMemory request was completed. (0x12B)
[0809/203435.558:WARNING:pe_image_reader.cc(340)] could not read dos header from C:\Windows\SYSTEM32\VERSION.dll
[0809/203435.558:ERROR:process_memory_win.cc(73)] ReadMemory at 0x265fce10000 of 64 bytes failed: Only part of a ReadProcessMemory or WriteProcessMemory request was completed. (0x12B)
[0809/203435.558:WARNING:pe_image_reader.cc(340)] could not read dos header from C:\Windows\System32\msvcrt.dll
[0809/203435.558:ERROR:process_memory_win.cc(73)] ReadMemory at 0x265fcff0000 of 64 bytes failed: Only part of a ReadProcessMemory or WriteProcessMemory request was completed. (0x12B)
[0809/203435.558:WARNING:pe_image_reader.cc(340)] could not read dos header from C:\Windows\System32\umppc11103.dll
[0809/203435.558:ERROR:process_memory_win.cc(73)] ReadMemory at 0x7fff1b950000 of 64 bytes failed: Only part of a ReadProcessMemory or WriteProcessMemory request was completed. (0x12B)
[0809/203435.558:WARNING:pe_image_reader.cc(340)] could not read dos header from C:\Windows\System32\bcryptPrimitives.dll
[0809/203435.558:ERROR:process_memory_win.cc(73)] ReadMemory at 0x7fff1e6a0000 of 64 bytes failed: Only part of a ReadProcessMemory or WriteProcessMemory request was completed. (0x12B)
[0809/203435.558:WARNING:pe_image_reader.cc(340)] could not read dos header from C:\Windows\System32\ADVAPI32.dll
[0809/203435.558:ERROR:process_memory_win.cc(73)] ReadMemory at 0x7fff1e570000 of 64 bytes failed: Only part of a ReadProcessMemory or WriteProcessMemory request was completed. (0x12B)
[0809/203435.558:WARNING:pe_image_reader.cc(340)] could not read dos header from C:\Windows\System32\sechost.dll
[0809/203435.558:ERROR:process_memory_win.cc(73)] ReadMemory at 0x7fff1f290000 of 64 bytes failed: Only part of a ReadProcessMemory or WriteProcessMemory request was completed. (0x12B)
[0809/203435.558:WARNING:pe_image_reader.cc(340)] could not read dos header from C:\Windows\System32\RPCRT4.dll
[0809/203435.558:ERROR:process_memory_win.cc(73)] ReadMemory at 0x7ffebf630000 of 64 bytes failed: Only part of a ReadProcessMemory or WriteProcessMemory request was completed. (0x12B)
[0809/203435.558:WARNING:pe_image_reader.cc(340)] could not read dos header from C:\Program Files (x86)\Google\Chrome\Application\84.0.4147.105\chrome.dll
[0809/203435.558:ERROR:process_memory_win.cc(73)] ReadMemory at 0x7fff1f190000 of 64 bytes failed: Only part of a ReadProcessMemory or WriteProcessMemory request was completed. (0x12B)
[0809/203435.558:WARNING:pe_image_reader.cc(340)] could not read dos header from C:\Windows\System32\WS2_32.dll
[0809/203435.558:ERROR:process_memory_win.cc(73)] ReadMemory at 0x7fff1e5d0000 of 64 bytes failed: Only part of a ReadProcessMemory or WriteProcessMemory request was completed. (0x12B)
[0809/203435.558:WARNING:pe_image_reader.cc(340)] could not read dos header from C:\Windows\System32\OLEAUT32.dll
[0809/203435.558:ERROR:process_memory_win.cc(73)] ReadMemory at 0x7fff1c880000 of 64 bytes failed: Only part of a ReadProcessMemory or WriteProcessMemory request was completed. (0x12B)
[0809/203435.558:WARNING:pe_image_reader.cc(340)] could not read dos header from C:\Windows\System32\msvcp_win.dll
[0809/203435.558:ERROR:process_memory_win.cc(73)] ReadMemory at 0x7fff1c920000 of 64 bytes failed: Only part of a ReadProcessMemory or WriteProcessMemory request was completed. (0x12B)
[0809/203435.558:WARNING:pe_image_reader.cc(340)] could not read dos header from C:\Windows\System32\ucrtbase.dll
[0809/203435.558:ERROR:process_memory_win.cc(73)] ReadMemory at 0x7fff1df60000 of 64 bytes failed: Only part of a ReadProcessMemory or WriteProcessMemory request was completed. (0x12B)
[0809/203435.558:WARNING:pe_image_reader.cc(340)] could not read dos header from C:\Windows\System32\combase.dll
[0809/203435.558:ERROR:process_memory_win.cc(73)] ReadMemory at 0x7fff1bc90000 of 64 bytes failed: Only part of a ReadProcessMemory or WriteProcessMemory request was completed. (0x12B)
[0809/203435.558:WARNING:pe_image_reader.cc(340)] could not read dos header from C:\Windows\System32\WINTRUST.dll
[0809/203435.558:ERROR:process_memory_win.cc(73)] ReadMemory at 0x7fff1b890000 of 64 bytes failed: Only part of a ReadProcessMemory or WriteProcessMemory request was completed. (0x12B)
[0809/203435.558:WARNING:pe_image_reader.cc(340)] could not read dos header from C:\Windows\System32\MSASN1.dll
[0809/203435.558:ERROR:process_memory_win.cc(73)] ReadMemory at 0x7fff1bcf0000 of 64 bytes failed: Only part of a ReadProcessMemory or WriteProcessMemory request was completed. (0x12B)
[0809/203435.558:WARNING:pe_image_reader.cc(340)] could not read dos header from C:\Windows\System32\CRYPT32.dll
[0809/203435.558:ERROR:process_memory_win.cc(73)] ReadMemory at 0x7fff1aca0000 of 64 bytes failed: Only part of a ReadProcessMemory or WriteProcessMemory request was completed. (0x12B)
[0809/203435.558:WARNING:pe_image_reader.cc(340)] could not read dos header from C:\Windows\SYSTEM32\IPHLPAPI.DLL
[0809/203435.558:ERROR:process_memory_win.cc(73)] ReadMemory at 0x7fff18b40000 of 64 bytes failed: Only part of a ReadProcessMemory or WriteProcessMemory request was completed. (0x12B)
[0809/203435.558:WARNING:pe_image_reader.cc(340)] could not read dos header from C:\Windows\SYSTEM32\WINMM.dll
[0809/203435.558:ERROR:process_memory_win.cc(73)] ReadMemory at 0x7fff1aa70000 of 64 bytes failed: Only part of a ReadProcessMemory or WriteProcessMemory request was completed. (0x12B)
[0809/203435.559:WARNING:pe_image_reader.cc(340)] could not read dos header from C:\Windows\SYSTEM32\Secur32.dll
[0809/203435.559:ERROR:process_memory_win.cc(73)] ReadMemory at 0x7fff1b7c0000 of 64 bytes failed: Only part of a ReadProcessMemory or WriteProcessMemory request was completed. (0x12B)
[0809/203435.559:WARNING:pe_image_reader.cc(340)] could not read dos header from C:\Windows\SYSTEM32\USERENV.dll
[0809/203435.559:ERROR:process_memory_win.cc(73)] ReadMemory at 0x7fff1b930000 of 64 bytes failed: Only part of a ReadProcessMemory or WriteProcessMemory request was completed. (0x12B)
[0809/203435.559:WARNING:pe_image_reader.cc(340)] could not read dos header from C:\Windows\System32\profapi.dll
[0809/203435.559:ERROR:process_memory_win.cc(73)] ReadMemory at 0x7ffef7510000 of 64 bytes failed: Only part of a ReadProcessMemory or WriteProcessMemory request was completed. (0x12B)
[0809/203435.559:WARNING:pe_image_reader.cc(340)] could not read dos header from C:\Windows\SYSTEM32\UIAutomationCore.DLL
[0809/203435.559:ERROR:process_memory_win.cc(73)] ReadMemory at 0x7fff19550000 of 64 bytes failed: Only part of a ReadProcessMemory or WriteProcessMemory request was completed. (0x12B)
[0809/203435.559:WARNING:pe_image_reader.cc(340)] could not read dos header from C:\Windows\SYSTEM32\DWrite.dll
[0809/203435.559:ERROR:process_memory_win.cc(73)] ReadMemory at 0x7fff147b0000 of 64 bytes failed: Only part of a ReadProcessMemory or WriteProcessMemory request was completed. (0x12B)
[0809/203435.559:WARNING:pe_image_reader.cc(340)] could not read dos header from C:\Windows\SYSTEM32\WINSPOOL.DRV
[0809/203435.559:ERROR:process_memory_win.cc(73)] ReadMemory at 0x7fff1b8b0000 of 64 bytes failed: Only part of a ReadProcessMemory or WriteProcessMemory request was completed. (0x12B)
[0809/203435.559:WARNING:pe_image_reader.cc(340)] could not read dos header from C:\Windows\System32\kernel.appcore.dll
[0809/203435.559:ERROR:process_memory_win.cc(73)] ReadMemory at 0x7fff19f20000 of 64 bytes failed: Only part of a ReadProcessMemory or WriteProcessMemory request was completed. (0x12B)
[0809/203435.559:WARNING:pe_image_reader.cc(340)] could not read dos header from C:\Windows\SYSTEM32\dbghelp.dll
[0809/203435.559:ERROR:process_memory_win.cc(73)] ReadMemory at 0x7fff16550000 of 64 bytes failed: Only part of a ReadProcessMemory or WriteProcessMemory request was completed. (0x12B)
[0809/203435.559:WARNING:pe_image_reader.cc(340)] could not read dos header from C:\Windows\SYSTEM32\WINHTTP.dll
[0809/203435.559:ERROR:process_memory_win.cc(73)] ReadMemory at 0x7fff17220000 of 64 bytes failed: Only part of a ReadProcessMemory or WriteProcessMemory request was completed. (0x12B)
[0809/203435.559:WARNING:pe_image_reader.cc(340)] could not read dos header from C:\Windows\SYSTEM32\dhcpcsvc.DLL
[0809/203435.559:ERROR:process_memory_win.cc(73)] ReadMemory at 0x7fff1ea50000 of 64 bytes failed: Only part of a ReadProcessMemory or WriteProcessMemory request was completed. (0x12B)
[0809/203435.559:WARNING:pe_image_reader.cc(340)] could not read dos header from C:\Windows\System32\NSI.dll
[0809/203435.559:ERROR:process_memory_win.cc(73)] ReadMemory at 0x7fff18b10000 of 64 bytes failed: Only part of a ReadProcessMemory or WriteProcessMemory request was completed. (0x12B)
[0809/203435.559:WARNING:pe_image_reader.cc(340)] could not read dos header from C:\Windows\SYSTEM32\WINMMBASE.dll
[0809/203435.559:ERROR:process_memory_win.cc(73)] ReadMemory at 0x7fff1bb70000 of 64 bytes failed: Only part of a ReadProcessMemory or WriteProcessMemory request was completed. (0x12B)
[0809/203435.559:WARNING:pe_image_reader.cc(340)] could not read dos header from C:\Windows\System32\cfgmgr32.dll
[0809/203435.559:ERROR:process_memory_win.cc(73)] ReadMemory at 0x7fff161c0000 of 64 bytes failed: Only part of a ReadProcessMemory or WriteProcessMemory request was completed. (0x12B)
[0809/203435.559:WARNING:pe_image_reader.cc(340)] could not read dos header from C:\Windows\SYSTEM32\PROPSYS.dll
[0809/203435.559:ERROR:process_memory_win.cc(73)] ReadMemory at 0x7fff1ea70000 of 64 bytes failed: Only part of a ReadProcessMemory or WriteProcessMemory request was completed. (0x12B)
[0809/203435.559:WARNING:pe_image_reader.cc(340)] could not read dos header from C:\Windows\System32\shcore.dll
[0809/203435.559:ERROR:process_memory_win.cc(73)] ReadMemory at 0x7fff1b540000 of 64 bytes failed: Only part of a ReadProcessMemory or WriteProcessMemory request was completed. (0x12B)
[0809/203435.559:WARNING:pe_image_reader.cc(340)] could not read dos header from C:\Windows\SYSTEM32\bcrypt.dll
[0809/203435.559:ERROR:process_memory_win.cc(73)] ReadMemory at 0x7fff1b790000 of 64 bytes failed: Only part of a ReadProcessMemory or WriteProcessMemory request was completed. (0x12B)
[0809/203435.559:WARNING:pe_image_reader.cc(340)] could not read dos header from C:\Windows\SYSTEM32\SSPICLI.DLL
[0809/203435.559:ERROR:process_memory_win.cc(73)] ReadMemory at 0x7fff1cb10000 of 64 bytes failed: Only part of a ReadProcessMemory or WriteProcessMemory request was completed. (0x12B)
[0809/203435.559:WARNING:pe_image_reader.cc(340)] could not read dos header from C:\Windows\System32\SHELL32.dll
[0809/203435.559:ERROR:process_memory_win.cc(73)] ReadMemory at 0x7fff1bee0000 of 64 bytes failed: Only part of a ReadProcessMemory or WriteProcessMemory request was completed. (0x12B)
[0809/203435.559:WARNING:pe_image_reader.cc(340)] could not read dos header from C:\Windows\System32\windows.storage.dll
[0809/203435.559:ERROR:process_memory_win.cc(73)] ReadMemory at 0x7fff1e750000 of 64 bytes failed: Only part of a ReadProcessMemory or WriteProcessMemory request was completed. (0x12B)
[0809/203435.559:WARNING:pe_image_reader.cc(340)] could not read dos header from C:\Windows\System32\shlwapi.dll
[0809/203435.559:ERROR:process_memory_win.cc(73)] ReadMemory at 0x7fff1cac0000 of 64 bytes failed: Only part of a ReadProcessMemory or WriteProcessMemory request was completed. (0x12B)
[0809/203435.560:WARNING:pe_image_reader.cc(340)] could not read dos header from C:\Windows\System32\GDI32.dll
[0809/203435.560:ERROR:process_memory_win.cc(73)] ReadMemory at 0x7fff1b9d0000 of 64 bytes failed: Only part of a ReadProcessMemory or WriteProcessMemory request was completed. (0x12B)
[0809/203435.560:WARNING:pe_image_reader.cc(340)] could not read dos header from C:\Windows\System32\gdi32full.dll
[0809/203435.560:ERROR:process_memory_win.cc(73)] ReadMemory at 0x7fff1e280000 of 64 bytes failed: Only part of a ReadProcessMemory or WriteProcessMemory request was completed. (0x12B)
[0809/203435.560:WARNING:pe_image_reader.cc(340)] could not read dos header from C:\Windows\System32\USER32.dll
[0809/203435.560:ERROR:process_memory_win.cc(73)] ReadMemory at 0x7fff1bc70000 of 64 bytes failed: Only part of a ReadProcessMemory or WriteProcessMemory request was completed. (0x12B)
[0809/203435.560:WARNING:pe_image_reader.cc(340)] could not read dos header from C:\Windows\System32\win32u.dll
[0809/203435.560:ERROR:process_memory_win.cc(73)] ReadMemory at 0x7fff1b8e0000 of 64 bytes failed: Only part of a ReadProcessMemory or WriteProcessMemory request was completed. (0x12B)
[0809/203435.560:WARNING:pe_image_reader.cc(340)] could not read dos header from C:\Windows\System32\powrprof.dll
[0809/203435.560:ERROR:process_memory_win.cc(73)] ReadMemory at 0x7fff1b8d0000 of 64 bytes failed: Only part of a ReadProcessMemory or WriteProcessMemory request was completed. (0x12B)
[0809/203435.560:WARNING:pe_image_reader.cc(340)] could not read dos header from C:\Windows\System32\FLTLIB.DLL
[0809/203435.560:ERROR:process_memory_win.cc(73)] ReadMemory at 0x7fff1e7b0000 of 64 bytes failed: Only part of a ReadProcessMemory or WriteProcessMemory request was completed. (0x12B)
[0809/203435.560:WARNING:pe_image_reader.cc(340)] could not read dos header from C:\Windows\System32\IMM32.DLL
[0809/203435.560:ERROR:process_memory_win.cc(73)] ReadMemory at 0x7fff1b530000 of 64 bytes failed: Only part of a ReadProcessMemory or WriteProcessMemory request was completed. (0x12B)
[0809/203435.560:WARNING:pe_image_reader.cc(340)] could not read dos header from C:\Windows\SYSTEM32\CRYPTBASE.DLL
[0809/203435.571:ERROR:process_memory_win.cc(73)] ReadMemory at 0x8ab8dde000 of 139264 bytes failed: Only part of a ReadProcessMemory or WriteProcessMemory request was completed. (0x12B)
[0809/203435.571:ERROR:process_memory_win.cc(73)] ReadMemory at 0x8ab95fd000 of 12288 bytes failed: Only part of a ReadProcessMemory or WriteProcessMemory request was completed. (0x12B)
[0809/203435.571:ERROR:process_memory_win.cc(73)] ReadMemory at 0x8aba5fd000 of 12288 bytes failed: Only part of a ReadProcessMemory or WriteProcessMemory request was completed. (0x12B)
[0809/203435.571:ERROR:process_memory_win.cc(73)] ReadMemory at 0x8abadfb000 of 20480 bytes failed: Only part of a ReadProcessMemory or WriteProcessMemory request was completed. (0x12B)
[0809/203435.571:ERROR:process_memory_win.cc(73)] ReadMemory at 0x8abb5fe000 of 8192 bytes failed: Only part of a ReadProcessMemory or WriteProcessMemory request was completed. (0x12B)
[0809/203435.572:ERROR:process_memory_win.cc(73)] ReadMemory at 0x8abbdfd000 of 12288 bytes failed: Only part of a ReadProcessMemory or WriteProcessMemory request was completed. (0x12B)
[0809/203435.572:ERROR:process_memory_win.cc(73)] ReadMemory at 0x8abc5fa000 of 24576 bytes failed: Only part of a ReadProcessMemory or WriteProcessMemory request was completed. (0x12B)
[0809/203435.572:ERROR:process_memory_win.cc(73)] ReadMemory at 0x8abd5fd000 of 12288 bytes failed: Only part of a ReadProcessMemory or WriteProcessMemory request was completed. (0x12B)
[0809/203435.572:ERROR:process_memory_win.cc(73)] ReadMemory at 0x8abddf8000 of 32768 bytes failed: Only part of a ReadProcessMemory or WriteProcessMemory request was completed. (0x12B)
[0809/203435.572:ERROR:process_memory_win.cc(73)] ReadMemory at 0x8abe5fa000 of 24576 bytes failed: Only part of a ReadProcessMemory or WriteProcessMemory request was completed. (0x12B)
[0809/203435.572:ERROR:process_memory_win.cc(73)] ReadMemory at 0x8abedfd000 of 12288 bytes failed: Only part of a ReadProcessMemory or WriteProcessMemory request was completed. (0x12B)
[0809/203435.572:ERROR:process_memory_win.cc(73)] ReadMemory at 0x8abf5fc000 of 16384 bytes failed: Only part of a ReadProcessMemory or WriteProcessMemory request was completed. (0x12B)
[0809/203435.572:ERROR:process_memory_win.cc(73)] ReadMemory at 0x8abcdfd000 of 12288 bytes failed: Only part of a ReadProcessMemory or WriteProcessMemory request was completed. (0x12B)
[0809/203435.572:ERROR:process_memory_win.cc(73)] ReadMemory at 0x8ab9dff000 of 4096 bytes failed: Only part of a ReadProcessMemory or WriteProcessMemory request was completed. (0x12B)
[0809/203435.573:ERROR:process_memory_win.cc(73)] ReadMemory at 0x8ab8570000 of 852 bytes failed: Only part of a ReadProcessMemory or WriteProcessMemory request was completed. (0x12B)
[0809/203435.573:ERROR:process_memory_win.cc(73)] ReadMemory at 0x8ab8571000 of 6024 bytes failed: Only part of a ReadProcessMemory or WriteProcessMemory request was completed. (0x12B)
[0809/203435.573:ERROR:process_memory_win.cc(73)] ReadMemory at 0x8ab8573000 of 6024 bytes failed: Only part of a ReadProcessMemory or WriteProcessMemory request was completed. (0x12B)
[0809/203435.573:ERROR:process_memory_win.cc(73)] ReadMemory at 0x8ab8577000 of 6024 bytes failed: Only part of a ReadProcessMemory or WriteProcessMemory request was completed. (0x12B)
[0809/203435.573:ERROR:process_memory_win.cc(73)] ReadMemory at 0x8ab8579000 of 6024 bytes failed: Only part of a ReadProcessMemory or WriteProcessMemory request was completed. (0x12B)
[0809/203435.573:ERROR:process_memory_win.cc(73)] ReadMemory at 0x8ab857b000 of 6024 bytes failed: Only part of a ReadProcessMemory or WriteProcessMemory request was completed. (0x12B)
[0809/203435.573:ERROR:process_memory_win.cc(73)] ReadMemory at 0x8ab857d000 of 6024 bytes failed: Only part of a ReadProcessMemory or WriteProcessMemory request was completed. (0x12B)
[0809/203435.573:ERROR:process_memory_win.cc(73)] ReadMemory at 0x8ab857f000 of 6024 bytes failed: Only part of a ReadProcessMemory or WriteProcessMemory request was completed. (0x12B)
[0809/203435.573:ERROR:process_memory_win.cc(73)] ReadMemory at 0x8ab8583000 of 6024 bytes failed: Only part of a ReadProcessMemory or WriteProcessMemory request was completed. (0x12B)
[0809/203435.573:ERROR:process_memory_win.cc(73)] ReadMemory at 0x8ab8585000 of 6024 bytes failed: Only part of a ReadProcessMemory or WriteProcessMemory request was completed. (0x12B)
[0809/203435.574:ERROR:process_memory_win.cc(73)] ReadMemory at 0x8ab8587000 of 6024 bytes failed: Only part of a ReadProcessMemory or WriteProcessMemory request was completed. (0x12B)
[0809/203435.574:ERROR:process_memory_win.cc(73)] ReadMemory at 0x8ab8589000 of 6024 bytes failed: Only part of a ReadProcessMemory or WriteProcessMemory request was completed. (0x12B)
[0809/203435.574:ERROR:process_memory_win.cc(73)] ReadMemory at 0x8ab858b000 of 6024 bytes failed: Only part of a ReadProcessMemory or WriteProcessMemory request was completed. (0x12B)
[0809/203435.574:ERROR:process_memory_win.cc(73)] ReadMemory at 0x8ab8591000 of 6024 bytes failed: Only part of a ReadProcessMemory or WriteProcessMemory request was completed. (0x12B)
[0809/203435.574:ERROR:process_memory_win.cc(73)] ReadMemory at 0x8ab8595000 of 6024 bytes failed: Only part of a ReadProcessMemory or WriteProcessMemory request was completed. (0x12B)
[0809/203435.574:ERROR:process_memory_win.cc(73)] ReadMemory at 0x26581650000 of 384 bytes failed: Only part of a ReadProcessMemory or WriteProcessMemory request was completed. (0x12B)
[0809/203435.574:ERROR:process_memory_win.cc(73)] ReadMemory at 0x265816616d0 of 512 bytes failed: Only part of a ReadProcessMemory or WriteProcessMemory request was completed. (0x12B)
[0809/203435.574:ERROR:process_memory_win.cc(73)] ReadMemory at 0x26581a3cb10 of 512 bytes failed: Only part of a ReadProcessMemory or WriteProcessMemory request was completed. (0x12B)
[0809/203435.574:ERROR:process_memory_win.cc(73)] ReadMemory at 0x26581a6c6e0 of 512 bytes failed: Only part of a ReadProcessMemory or WriteProcessMemory request was completed. (0x12B)
[0809/203435.574:ERROR:process_memory_win.cc(73)] ReadMemory at 0x26581a6d008 of 512 bytes failed: Only part of a ReadProcessMemory or WriteProcessMemory request was completed. (0x12B)
[0809/203435.574:ERROR:process_memory_win.cc(73)] ReadMemory at 0x265820ce810 of 512 bytes failed: Only part of a ReadProcessMemory or WriteProcessMemory request was completed. (0x12B)
[0809/203435.574:ERROR:process_memory_win.cc(73)] ReadMemory at 0x265820dfc90 of 512 bytes failed: Only part of a ReadProcessMemory or WriteProcessMemory request was completed. (0x12B)
[0809/203435.574:ERROR:process_memory_win.cc(73)] ReadMemory at 0x265840f6840 of 520 bytes failed: Only part of a ReadProcessMemory or WriteProcessMemory request was completed. (0x12B)
[0809/203435.574:ERROR:process_memory_win.cc(73)] ReadMemory at 0x265fcdb3940 of 512 bytes failed: Only part of a ReadProcessMemory or WriteProcessMemory request was completed. (0x12B)
[0809/203435.574:ERROR:process_memory_win.cc(73)] ReadMemory at 0x265fceb00d0 of 512 bytes failed: Only part of a ReadProcessMemory or WriteProcessMemory request was completed. (0x12B)
[0809/203435.575:ERROR:process_memory_win.cc(73)] ReadMemory at 0x265fceb0fc0 of 5846 bytes failed: Only part of a ReadProcessMemory or WriteProcessMemory request was completed. (0x12B)
[0809/203435.575:ERROR:process_memory_win.cc(73)] ReadMemory at 0x265fceb26a0 of 1012 bytes failed: Only part of a ReadProcessMemory or WriteProcessMemory request was completed. (0x12B)
[0809/203435.575:ERROR:process_memory_win.cc(73)] ReadMemory at 0x265fceb2cb8 of 118 bytes failed: Only part of a ReadProcessMemory or WriteProcessMemory request was completed. (0x12B)
[0809/203435.575:ERROR:process_memory_win.cc(73)] ReadMemory at 0x265fceb2d30 of 1240 bytes failed: Only part of a ReadProcessMemory or WriteProcessMemory request was completed. (0x12B)
[0809/203435.575:ERROR:process_memory_win.cc(73)] ReadMemory at 0x265fceb320a of 118 bytes failed: Only part of a ReadProcessMemory or WriteProcessMemory request was completed. (0x12B)
[0809/203435.575:ERROR:process_memory_win.cc(73)] ReadMemory at 0x265fceb3282 of 100 bytes failed: Only part of a ReadProcessMemory or WriteProcessMemory request was completed. (0x12B)
[0809/203435.575:ERROR:process_memory_win.cc(73)] ReadMemory at 0x265fceb3300 of 58 bytes failed: Only part of a ReadProcessMemory or WriteProcessMemory request was completed. (0x12B)
[0809/203435.575:ERROR:process_memory_win.cc(73)] ReadMemory at 0x265fceb3400 of 132 bytes failed: Only part of a ReadProcessMemory or WriteProcessMemory request was completed. (0x12B)
[0809/203435.575:ERROR:process_memory_win.cc(73)] ReadMemory at 0x265fceb3590 of 132 bytes failed: Only part of a ReadProcessMemory or WriteProcessMemory request was completed. (0x12B)
[0809/203435.575:ERROR:process_memory_win.cc(73)] ReadMemory at 0x265fceb3750 of 126 bytes failed: Only part of a ReadProcessMemory or WriteProcessMemory request was completed. (0x12B)
[0809/203435.575:ERROR:process_memory_win.cc(73)] ReadMemory at 0x265fceb3b30 of 132 bytes failed: Only part of a ReadProcessMemory or WriteProcessMemory request was completed. (0x12B)
[0809/203435.575:ERROR:process_memory_win.cc(73)] ReadMemory at 0x265fceb3cc0 of 64 bytes failed: Only part of a ReadProcessMemory or WriteProcessMemory request was completed. (0x12B)
[0809/203435.575:ERROR:process_memory_win.cc(73)] ReadMemory at 0x265fceb3e20 of 132 bytes failed: Only part of a ReadProcessMemory or WriteProcessMemory request was completed. (0x12B)
[0809/203435.575:ERROR:process_memory_win.cc(73)] ReadMemory at 0x265fceb3f50 of 60 bytes failed: Only part of a ReadProcessMemory or WriteProcessMemory request was completed. (0x12B)
[0809/203435.575:ERROR:process_memory_win.cc(73)] ReadMemory at 0x265fceb4110 of 132 bytes failed: Only part of a ReadProcessMemory or WriteProcessMemory request was completed. (0x12B)
[0809/203435.575:ERROR:process_memory_win.cc(73)] ReadMemory at 0x265fceb42a0 of 68 bytes failed: Only part of a ReadProcessMemory or WriteProcessMemory request was completed. (0x12B)
[0809/203435.575:ERROR:process_memory_win.cc(73)] ReadMemory at 0x265fceb5370 of 132 bytes failed: Only part of a ReadProcessMemory or WriteProcessMemory request was completed. (0x12B)
[0809/203435.575:ERROR:process_memory_win.cc(73)] ReadMemory at 0x265fceb5580 of 132 bytes failed: Only part of a ReadProcessMemory or WriteProcessMemory request was completed. (0x12B)
[0809/203435.576:ERROR:process_memory_win.cc(73)] ReadMemory at 0x265fceb56b0 of 154 bytes failed: Only part of a ReadProcessMemory or WriteProcessMemory request was completed. (0x12B)
[0809/203435.576:ERROR:process_memory_win.cc(73)] ReadMemory at 0x265fceb7910 of 62 bytes failed: Only part of a ReadProcessMemory or WriteProcessMemory request was completed. (0x12B)
[0809/203435.576:ERROR:process_memory_win.cc(73)] ReadMemory at 0x265fceb7b00 of 132 bytes failed: Only part of a ReadProcessMemory or WriteProcessMemory request was completed. (0x12B)
[0809/203435.576:ERROR:process_memory_win.cc(73)] ReadMemory at 0x265fceb7c30 of 60 bytes failed: Only part of a ReadProcessMemory or WriteProcessMemory request was completed. (0x12B)
[0809/203435.576:ERROR:process_memory_win.cc(73)] ReadMemory at 0x265fcebaff8 of 512 bytes failed: Only part of a ReadProcessMemory or WriteProcessMemory request was completed. (0x12B)
[0809/203435.576:ERROR:process_memory_win.cc(73)] ReadMemory at 0x265fcebdd10 of 68 bytes failed: Only part of a ReadProcessMemory or WriteProcessMemory request was completed. (0x12B)
[0809/203435.576:ERROR:process_memory_win.cc(73)] ReadMemory at 0x265fcec05f0 of 80 bytes failed: Only part of a ReadProcessMemory or WriteProcessMemory request was completed. (0x12B)
[0809/203435.576:ERROR:process_memory_win.cc(73)] ReadMemory at 0x265fced0910 of 132 bytes failed: Only part of a ReadProcessMemory or WriteProcessMemory request was completed. (0x12B)
[0809/203435.576:ERROR:process_memory_win.cc(73)] ReadMemory at 0x265fced45e0 of 132 bytes failed: Only part of a ReadProcessMemory or WriteProcessMemory request was completed. (0x12B)
[0809/203435.576:ERROR:process_memory_win.cc(73)] ReadMemory at 0x265fced4950 of 62 bytes failed: Only part of a ReadProcessMemory or WriteProcessMemory request was completed. (0x12B)
[0809/203435.576:ERROR:process_memory_win.cc(73)] ReadMemory at 0x265fced4a40 of 64 bytes failed: Only part of a ReadProcessMemory or WriteProcessMemory request was completed. (0x12B)
[0809/203435.576:ERROR:process_memory_win.cc(73)] ReadMemory at 0x265fced4a90 of 64 bytes failed: Only part of a ReadProcessMemory or WriteProcessMemory request was completed. (0x12B)
[0809/203435.576:ERROR:process_memory_win.cc(73)] ReadMemory at 0x265fced4ae0 of 64 bytes failed: Only part of a ReadProcessMemory or WriteProcessMemory request was completed. (0x12B)
[0809/203435.576:ERROR:process_memory_win.cc(73)] ReadMemory at 0x265fced4b80 of 62 bytes failed: Only part of a ReadProcessMemory or WriteProcessMemory request was completed. (0x12B)
[0809/203435.576:ERROR:process_memory_win.cc(73)] ReadMemory at 0x265fced4bd0 of 62 bytes failed: Only part of a ReadProcessMemory or WriteProcessMemory request was completed. (0x12B)
[0809/203435.576:ERROR:process_memory_win.cc(73)] ReadMemory at 0x265fced4c20 of 66 bytes failed: Only part of a ReadProcessMemory or WriteProcessMemory request was completed. (0x12B)
[0809/203435.576:ERROR:process_memory_win.cc(73)] ReadMemory at 0x265fced4c70 of 62 bytes failed: Only part of a ReadProcessMemory or WriteProcessMemory request was completed. (0x12B)
[0809/203435.576:ERROR:process_memory_win.cc(73)] ReadMemory at 0x265fced4cc0 of 62 bytes failed: Only part of a ReadProcessMemory or WriteProcessMemory request was completed. (0x12B)
[0809/203435.576:ERROR:process_memory_win.cc(73)] ReadMemory at 0x265fced4d60 of 62 bytes failed: Only part of a ReadProcessMemory or WriteProcessMemory request was completed. (0x12B)
[0809/203435.576:ERROR:process_memory_win.cc(73)] ReadMemory at 0x265fced4db0 of 64 bytes failed: Only part of a ReadProcessMemory or WriteProcessMemory request was completed. (0x12B)
[0809/203435.576:ERROR:process_memory_win.cc(73)] ReadMemory at 0x265fced4e50 of 64 bytes failed: Only part of a ReadProcessMemory or WriteProcessMemory request was completed. (0x12B)
[0809/203435.576:ERROR:process_memory_win.cc(73)] ReadMemory at 0x265fced4ea0 of 62 bytes failed: Only part of a ReadProcessMemory or WriteProcessMemory request was completed. (0x12B)
[0809/203435.577:ERROR:process_memory_win.cc(73)] ReadMemory at 0x265fced4ef0 of 60 bytes failed: Only part of a ReadProcessMemory or WriteProcessMemory request was completed. (0x12B)
[0809/203435.577:ERROR:process_memory_win.cc(73)] ReadMemory at 0x265fced4f40 of 60 bytes failed: Only part of a ReadProcessMemory or WriteProcessMemory request was completed. (0x12B)
[0809/203435.577:ERROR:process_memory_win.cc(73)] ReadMemory at 0x265fced4f90 of 60 bytes failed: Only part of a ReadProcessMemory or WriteProcessMemory request was completed. (0x12B)
[0809/203435.577:ERROR:process_memory_win.cc(73)] ReadMemory at 0x265fced4fe0 of 64 bytes failed: Only part of a ReadProcessMemory or WriteProcessMemory request was completed. (0x12B)
[0809/203435.577:ERROR:process_memory_win.cc(73)] ReadMemory at 0x265fced5170 of 62 bytes failed: Only part of a ReadProcessMemory or WriteProcessMemory request was completed. (0x12B)
[0809/203435.577:ERROR:process_memory_win.cc(73)] ReadMemory at 0x265fced53a0 of 60 bytes failed: Only part of a ReadProcessMemory or WriteProcessMemory request was completed. (0x12B)
[0809/203435.577:ERROR:process_memory_win.cc(73)] ReadMemory at 0x265fced53f0 of 58 bytes failed: Only part of a ReadProcessMemory or WriteProcessMemory request was completed. (0x12B)
[0809/203435.577:ERROR:process_memory_win.cc(73)] ReadMemory at 0x265fced54e0 of 62 bytes failed: Only part of a ReadProcessMemory or WriteProcessMemory request was completed. (0x12B)
[0809/203435.577:ERROR:process_memory_win.cc(73)] ReadMemory at 0x265fced5580 of 62 bytes failed: Only part of a ReadProcessMemory or WriteProcessMemory request was completed. (0x12B)
[0809/203435.577:ERROR:process_memory_win.cc(73)] ReadMemory at 0x265fced56c0 of 60 bytes failed: Only part of a ReadProcessMemory or WriteProcessMemory request was completed. (0x12B)
[0809/203435.577:ERROR:process_memory_win.cc(73)] ReadMemory at 0x265fced5710 of 66 bytes failed: Only part of a ReadProcessMemory or WriteProcessMemory request was completed. (0x12B)
[0809/203435.577:ERROR:process_memory_win.cc(73)] ReadMemory at 0x265fced57b0 of 64 bytes failed: Only part of a ReadProcessMemory or WriteProcessMemory request was completed. (0x12B)
[0809/203435.577:ERROR:process_memory_win.cc(73)] ReadMemory at 0x265fced5800 of 60 bytes failed: Only part of a ReadProcessMemory or WriteProcessMemory request was completed. (0x12B)
[0809/203435.577:ERROR:process_memory_win.cc(73)] ReadMemory at 0x265fced5850 of 64 bytes failed: Only part of a ReadProcessMemory or WriteProcessMemory request was completed. (0x12B)
[0809/203435.577:ERROR:process_memory_win.cc(73)] ReadMemory at 0x265fced5a10 of 132 bytes failed: Only part of a ReadProcessMemory or WriteProcessMemory request was completed. (0x12B)
[0809/203435.577:ERROR:process_memory_win.cc(73)] ReadMemory at 0x265fced5b90 of 132 bytes failed: Only part of a ReadProcessMemory or WriteProcessMemory request was completed. (0x12B)
[0809/203435.577:ERROR:process_memory_win.cc(73)] ReadMemory at 0x265fced5cc0 of 132 bytes failed: Only part of a ReadProcessMemory or WriteProcessMemory request was completed. (0x12B)
[0809/203435.577:ERROR:process_memory_win.cc(73)] ReadMemory at 0x265fced5df0 of 132 bytes failed: Only part of a ReadProcessMemory or WriteProcessMemory request was completed. (0x12B)
[0809/203435.577:ERROR:process_memory_win.cc(73)] ReadMemory at 0x265fced5f20 of 132 bytes failed: Only part of a ReadProcessMemory or WriteProcessMemory request was completed. (0x12B)
[0809/203435.577:ERROR:process_memory_win.cc(73)] ReadMemory at 0x265fced6180 of 132 bytes failed: Only part of a ReadProcessMemory or WriteProcessMemory request was completed. (0x12B)
[0809/203435.577:ERROR:process_memory_win.cc(73)] ReadMemory at 0x265fced62b0 of 132 bytes failed: Only part of a ReadProcessMemory or WriteProcessMemory request was completed. (0x12B)
[0809/203435.578:ERROR:process_memory_win.cc(73)] ReadMemory at 0x265fced63e0 of 132 bytes failed: Only part of a ReadProcessMemory or WriteProcessMemory request was completed. (0x12B)
[0809/203435.578:ERROR:process_memory_win.cc(73)] ReadMemory at 0x265fced6510 of 132 bytes failed: Only part of a ReadProcessMemory or WriteProcessMemory request was completed. (0x12B)
[0809/203435.578:ERROR:process_memory_win.cc(73)] ReadMemory at 0x265fced6640 of 132 bytes failed: Only part of a ReadProcessMemory or WriteProcessMemory request was completed. (0x12B)
[0809/203435.578:ERROR:process_memory_win.cc(73)] ReadMemory at 0x265fced6770 of 132 bytes failed: Only part of a ReadProcessMemory or WriteProcessMemory request was completed. (0x12B)
[0809/203435.578:ERROR:process_memory_win.cc(73)] ReadMemory at 0x265fced68a0 of 132 bytes failed: Only part of a ReadProcessMemory or WriteProcessMemory request was completed. (0x12B)
[0809/203435.578:ERROR:process_memory_win.cc(73)] ReadMemory at 0x265fced69d0 of 132 bytes failed: Only part of a ReadProcessMemory or WriteProcessMemory request was completed. (0x12B)
[0809/203435.578:ERROR:process_memory_win.cc(73)] ReadMemory at 0x265fced83a0 of 132 bytes failed: Only part of a ReadProcessMemory or WriteProcessMemory request was completed. (0x12B)
[0809/203435.578:ERROR:process_memory_win.cc(73)] ReadMemory at 0x265fced9110 of 132 bytes failed: Only part of a ReadProcessMemory or WriteProcessMemory request was completed. (0x12B)
[0809/203435.578:ERROR:process_memory_win.cc(73)] ReadMemory at 0x265fced9680 of 132 bytes failed: Only part of a ReadProcessMemory or WriteProcessMemory request was completed. (0x12B)
[0809/203435.578:ERROR:process_memory_win.cc(73)] ReadMemory at 0x265fced97b0 of 132 bytes failed: Only part of a ReadProcessMemory or WriteProcessMemory request was completed. (0x12B)
[0809/203435.578:ERROR:process_memory_win.cc(73)] ReadMemory at 0x265fced98e0 of 146 bytes failed: Only part of a ReadProcessMemory or WriteProcessMemory request was completed. (0x12B)
[0809/203435.578:ERROR:process_memory_win.cc(73)] ReadMemory at 0x265fceda740 of 54 bytes failed: Only part of a ReadProcessMemory or WriteProcessMemory request was completed. (0x12B)
[0809/203435.578:ERROR:process_memory_win.cc(73)] ReadMemory at 0x265fcedc2d0 of 132 bytes failed: Only part of a ReadProcessMemory or WriteProcessMemory request was completed. (0x12B)
[0809/203435.578:ERROR:process_memory_win.cc(73)] ReadMemory at 0x265fceddc10 of 132 bytes failed: Only part of a ReadProcessMemory or WriteProcessMemory request was completed. (0x12B)
[0809/203435.578:ERROR:process_memory_win.cc(73)] ReadMemory at 0x265fcee1600 of 132 bytes failed: Only part of a ReadProcessMemory or WriteProcessMemory request was completed. (0x12B)
[0809/203435.578:ERROR:process_memory_win.cc(73)] ReadMemory at 0x265fcee1730 of 132 bytes failed: Only part of a ReadProcessMemory or WriteProcessMemory request was completed. (0x12B)
[0809/203435.579:ERROR:process_memory_win.cc(73)] ReadMemory at 0x265fcee1860 of 132 bytes failed: Only part of a ReadProcessMemory or WriteProcessMemory request was completed. (0x12B)
[0809/203435.579:ERROR:process_memory_win.cc(73)] ReadMemory at 0x265fcee1990 of 132 bytes failed: Only part of a ReadProcessMemory or WriteProcessMemory request was completed. (0x12B)
[0809/203435.579:ERROR:process_memory_win.cc(73)] ReadMemory at 0x265fcee1ac0 of 132 bytes failed: Only part of a ReadProcessMemory or WriteProcessMemory request was completed. (0x12B)
[0809/203435.579:ERROR:process_memory_win.cc(73)] ReadMemory at 0x265fcee1d20 of 132 bytes failed: Only part of a ReadProcessMemory or WriteProcessMemory request was completed. (0x12B)
[0809/203435.579:ERROR:process_memory_win.cc(73)] ReadMemory at 0x265fcee1e50 of 132 bytes failed: Only part of a ReadProcessMemory or WriteProcessMemory request was completed. (0x12B)
[0809/203435.579:ERROR:process_memory_win.cc(73)] ReadMemory at 0x265fcee1f80 of 132 bytes failed: Only part of a ReadProcessMemory or WriteProcessMemory request was completed. (0x12B)
[0809/203435.579:ERROR:process_memory_win.cc(73)] ReadMemory at 0x265fcee20b0 of 132 bytes failed: Only part of a ReadProcessMemory or WriteProcessMemory request was completed. (0x12B)
[0809/203435.579:ERROR:process_memory_win.cc(73)] ReadMemory at 0x265fcee21e0 of 132 bytes failed: Only part of a ReadProcessMemory or WriteProcessMemory request was completed. (0x12B)
[0809/203435.579:ERROR:process_memory_win.cc(73)] ReadMemory at 0x265fcee2310 of 132 bytes failed: Only part of a ReadProcessMemory or WriteProcessMemory request was completed. (0x12B)
[0809/203435.579:ERROR:process_memory_win.cc(73)] ReadMemory at 0x265fcee26a0 of 132 bytes failed: Only part of a ReadProcessMemory or WriteProcessMemory request was completed. (0x12B)
[0809/203435.579:ERROR:process_memory_win.cc(73)] ReadMemory at 0x265fcee27d0 of 132 bytes failed: Only part of a ReadProcessMemory or WriteProcessMemory request was completed. (0x12B)
[0809/203435.579:ERROR:process_memory_win.cc(73)] ReadMemory at 0x265fcee2900 of 132 bytes failed: Only part of a ReadProcessMemory or WriteProcessMemory request was completed. (0x12B)
[0809/203435.579:ERROR:process_memory_win.cc(73)] ReadMemory at 0x265fcee2b60 of 132 bytes failed: Only part of a ReadProcessMemory or WriteProcessMemory request was completed. (0x12B)
[0809/203435.579:ERROR:process_memory_win.cc(73)] ReadMemory at 0x265fcee2c90 of 132 bytes failed: Only part of a ReadProcessMemory or WriteProcessMemory request was completed. (0x12B)
[0809/203435.579:ERROR:process_memory_win.cc(73)] ReadMemory at 0x265fcee2dc0 of 132 bytes failed: Only part of a ReadProcessMemory or WriteProcessMemory request was completed. (0x12B)
[0809/203435.579:ERROR:process_memory_win.cc(73)] ReadMemory at 0x265fcee2ef0 of 132 bytes failed: Only part of a ReadProcessMemory or WriteProcessMemory request was completed. (0x12B)
[0809/203435.579:ERROR:process_memory_win.cc(73)] ReadMemory at 0x265fcee3020 of 132 bytes failed: Only part of a ReadProcessMemory or WriteProcessMemory request was completed. (0x12B)
[0809/203435.579:ERROR:process_memory_win.cc(73)] ReadMemory at 0x265fcee3150 of 132 bytes failed: Only part of a ReadProcessMemory or WriteProcessMemory request was completed. (0x12B)
[0809/203435.579:ERROR:process_memory_win.cc(73)] ReadMemory at 0x265fcee3280 of 132 bytes failed: Only part of a ReadProcessMemory or WriteProcessMemory request was completed. (0x12B)
[0809/203435.579:ERROR:process_memory_win.cc(73)] ReadMemory at 0x265fcee33b0 of 132 bytes failed: Only part of a ReadProcessMemory or WriteProcessMemory request was completed. (0x12B)
[0809/203435.580:ERROR:process_memory_win.cc(73)] ReadMemory at 0x265fcee5090 of 76 bytes failed: Only part of a ReadProcessMemory or WriteProcessMemory request was completed. (0x12B)
[0809/203435.580:ERROR:process_memory_win.cc(73)] ReadMemory at 0x265fcee51b0 of 80 bytes failed: Only part of a ReadProcessMemory or WriteProcessMemory request was completed. (0x12B)
[0809/203435.580:ERROR:process_memory_win.cc(73)] ReadMemory at 0x265fcee70f8 of 512 bytes failed: Only part of a ReadProcessMemory or WriteProcessMemory request was completed. (0x12B)
[0809/203435.580:ERROR:process_memory_win.cc(73)] ReadMemory at 0x265fcf042b0 of 60 bytes failed: Only part of a ReadProcessMemory or WriteProcessMemory request was completed. (0x12B)
[0809/203435.580:ERROR:process_memory_win.cc(73)] ReadMemory at 0x265fcf04300 of 64 bytes failed: Only part of a ReadProcessMemory or WriteProcessMemory request was completed. (0x12B)
[0809/203435.580:ERROR:process_memory_win.cc(73)] ReadMemory at 0x265fcf043a0 of 62 bytes failed: Only part of a ReadProcessMemory or WriteProcessMemory request was completed. (0x12B)
[0809/203435.580:ERROR:process_memory_win.cc(73)] ReadMemory at 0x265fcf043f0 of 60 bytes failed: Only part of a ReadProcessMemory or WriteProcessMemory request was completed. (0x12B)
[0809/203435.580:ERROR:process_memory_win.cc(73)] ReadMemory at 0x265fcf04530 of 58 bytes failed: Only part of a ReadProcessMemory or WriteProcessMemory request was completed. (0x12B)
[0809/203435.580:ERROR:process_memory_win.cc(73)] ReadMemory at 0x265fcf04580 of 58 bytes failed: Only part of a ReadProcessMemory or WriteProcessMemory request was completed. (0x12B)
[0809/203435.580:ERROR:process_memory_win.cc(73)] ReadMemory at 0x265fcf04800 of 62 bytes failed: Only part of a ReadProcessMemory or WriteProcessMemory request was completed. (0x12B)
[0809/203435.580:ERROR:process_memory_win.cc(73)] ReadMemory at 0x265fcf04850 of 60 bytes failed: Only part of a ReadProcessMemory or WriteProcessMemory request was completed. (0x12B)
[0809/203435.580:ERROR:process_memory_win.cc(73)] ReadMemory at 0x265fcf04bc0 of 66 bytes failed: Only part of a ReadProcessMemory or WriteProcessMemory request was completed. (0x12B)
[0809/203435.580:ERROR:process_memory_win.cc(73)] ReadMemory at 0x265fcf0ecd0 of 512 bytes failed: Only part of a ReadProcessMemory or WriteProcessMemory request was completed. (0x12B)
[0809/203435.580:ERROR:process_memory_win.cc(73)] ReadMemory at 0x265fcf0f8d0 of 512 bytes failed: Only part of a ReadProcessMemory or WriteProcessMemory request was completed. (0x12B)
[0809/203435.580:ERROR:process_memory_win.cc(73)] ReadMemory at 0x265fcf17eb0 of 78 bytes failed: Only part of a ReadProcessMemory or WriteProcessMemory request was completed. (0x12B)
[0809/203435.581:ERROR:process_memory_win.cc(73)] ReadMemory at 0x265fcf26408 of 512 bytes failed: Only part of a ReadProcessMemory or WriteProcessMemory request was completed. (0x12B)
[0809/203435.581:ERROR:process_memory_win.cc(73)] ReadMemory at 0x265fcf37848 of 512 bytes failed: Only part of a ReadProcessMemory or WriteProcessMemory request was completed. (0x12B)
[0809/203435.581:ERROR:process_memory_win.cc(73)] ReadMemory at 0x265fcf3b9e0 of 512 bytes failed: Only part of a ReadProcessMemory or WriteProcessMemory request was completed. (0x12B)
[0809/203435.581:ERROR:process_memory_win.cc(73)] ReadMemory at 0x265fcf50290 of 512 bytes failed: Only part of a ReadProcessMemory or WriteProcessMemory request was completed. (0x12B)
[0809/203435.581:ERROR:process_memory_win.cc(73)] ReadMemory at 0x265fcf52180 of 512 bytes failed: Only part of a ReadProcessMemory or WriteProcessMemory request was completed. (0x12B)
[0809/203435.581:ERROR:process_memory_win.cc(73)] ReadMemory at 0x265fcf55940 of 512 bytes failed: Only part of a ReadProcessMemory or WriteProcessMemory request was completed. (0x12B)
[0809/203435.581:ERROR:process_memory_win.cc(73)] ReadMemory at 0x265fcf58430 of 712 bytes failed: Only part of a ReadProcessMemory or WriteProcessMemory request was completed. (0x12B)
[0809/203435.581:ERROR:process_memory_win.cc(73)] ReadMemory at 0x265fcf79c00 of 512 bytes failed: Only part of a ReadProcessMemory or WriteProcessMemory request was completed. (0x12B)
[0809/203435.581:ERROR:process_memory_win.cc(73)] ReadMemory at 0x265fcf7c8b0 of 512 bytes failed: Only part of a ReadProcessMemory or WriteProcessMemory request was completed. (0x12B)
[0809/203435.581:ERROR:process_memory_win.cc(73)] ReadMemory at 0x7ffebf72b405 of 512 bytes failed: Only part of a ReadProcessMemory or WriteProcessMemory request was completed. (0x12B)
[0809/203435.581:ERROR:process_memory_win.cc(73)] ReadMemory at 0x7ffec1e39710 of 652 bytes failed: Only part of a ReadProcessMemory or WriteProcessMemory request was completed. (0x12B)
[0809/203435.581:ERROR:process_memory_win.cc(73)] ReadMemory at 0x7fff1c63a288 of 512 bytes failed: Only part of a ReadProcessMemory or WriteProcessMemory request was completed. (0x12B)
[0809/203435.581:ERROR:process_memory_win.cc(73)] ReadMemory at 0x7fff1f5b79f0 of 512 bytes failed: Only part of a ReadProcessMemory or WriteProcessMemory request was completed. (0x12B)
[0809/203435.581:ERROR:process_memory_win.cc(73)] ReadMemory at 0x7fff1f5b82e0 of 512 bytes failed: Only part of a ReadProcessMemory or WriteProcessMemory request was completed. (0x12B)
[0809/203435.581:ERROR:process_memory_win.cc(73)] ReadMemory at 0x7fff1f5ba0d0 of 512 bytes failed: Only part of a ReadProcessMemory or WriteProcessMemory request was completed. (0x12B)
[0809/203435.581:ERROR:process_memory_win.cc(73)] ReadMemory at 0x7fff1f6035f0 of 512 bytes failed: Only part of a ReadProcessMemory or WriteProcessMemory request was completed. (0x12B)
[0809/203435.581:ERROR:process_memory_win.cc(73)] ReadMemory at 0x7fff1f62a9a4 of 672 bytes failed: Only part of a ReadProcessMemory or WriteProcessMemory request was completed. (0x12B)
[0809/203435.581:ERROR:process_memory_win.cc(73)] ReadMemory at 0x7fff1f62adc4 of 992 bytes failed: Only part of a ReadProcessMemory or WriteProcessMemory request was completed. (0x12B)
[0809/203435.582:ERROR:process_memory_win.cc(73)] ReadMemory at 0x7fff1f62c074 of 512 bytes failed: Only part of a ReadProcessMemory or WriteProcessMemory request was completed. (0x12B)
[0809/203435.582:ERROR:process_memory_win.cc(73)] ReadMemory at 0x7fff1f62e214 of 608 bytes failed: Only part of a ReadProcessMemory or WriteProcessMemory request was completed. (0x12B)
[0809/203435.582:ERROR:process_memory_win.cc(73)] ReadMemory at 0x7fff1f6a9480 of 512 bytes failed: Only part of a ReadProcessMemory or WriteProcessMemory request was completed. (0x12B)
[0809/203435.582:ERROR:process_memory_win.cc(73)] ReadMemory at 0x7fff1f6b02e0 of 18 bytes failed: Only part of a ReadProcessMemory or WriteProcessMemory request was completed. (0x12B)
[0809/203435.582:ERROR:process_memory_win.cc(73)] ReadMemory at 0x7fff1f6e65b0 of 40 bytes failed: Only part of a ReadProcessMemory or WriteProcessMemory request was completed. (0x12B)
[0809/203435.582:ERROR:process_memory_win.cc(73)] ReadMemory at 0x7fff1f6e6a08 of 48 bytes failed: Only part of a ReadProcessMemory or WriteProcessMemory request was completed. (0x12B)
[0809/203435.582:ERROR:process_memory_win.cc(73)] ReadMemory at 0x7fff1f6ec360 of 64 bytes failed: Only part of a ReadProcessMemory or WriteProcessMemory request was completed. (0x12B)
[0809/203435.586:ERROR:scoped_process_suspend.cc(40)] NtResumeProcess: An attempt was made to access an exiting process. (0xc000010a)
[0810/170849.672:ERROR:process_reader_win.cc(188)] ResumeThread: The parameter is incorrect. (0x57)
[0810/170849.678:ERROR:process_reader_win.cc(151)] SuspendThread: Access is denied. (0x5)
[0810/170849.678:ERROR:process_reader_win.cc(151)] SuspendThread: Access is denied. (0x5)
[0810/170849.678:ERROR:process_reader_win.cc(151)] SuspendThread: Access is denied. (0x5)
[0810/170849.678:ERROR:process_reader_win.cc(151)] SuspendThread: Access is denied. (0x5)
[0810/170849.678:ERROR:process_reader_win.cc(151)] SuspendThread: Access is denied. (0x5)
[0810/170849.678:ERROR:process_reader_win.cc(151)] SuspendThread: Access is denied. (0x5)
[0810/170849.678:ERROR:process_reader_win.cc(151)] SuspendThread: Access is denied. (0x5)
[0810/170849.678:ERROR:process_reader_win.cc(151)] SuspendThread: Access is denied. (0x5)
[0810/170849.678:ERROR:process_reader_win.cc(151)] SuspendThread: Access is denied. (0x5)
[0810/170849.678:ERROR:process_reader_win.cc(151)] SuspendThread: Access is denied. (0x5)
[0810/170849.678:ERROR:process_reader_win.cc(151)] SuspendThread: Access is denied. (0x5)
[0810/170849.678:ERROR:exception_snapshot_win.cc(98)] thread ID 39404 not found in process
[0810/180219.315:ERROR:process_reader_win.cc(188)] ResumeThread: The parameter is incorrect. (0x57)
[0810/180219.320:ERROR:process_reader_win.cc(151)] SuspendThread: Access is denied. (0x5)
[0810/180219.320:ERROR:process_reader_win.cc(151)] SuspendThread: Access is denied. (0x5)
[0810/180219.320:ERROR:process_reader_win.cc(151)] SuspendThread: Access is denied. (0x5)
[0810/180219.320:ERROR:process_reader_win.cc(151)] SuspendThread: Access is denied. (0x5)
[0810/180219.320:ERROR:process_reader_win.cc(151)] SuspendThread: Access is denied. (0x5)
[0810/180219.320:ERROR:process_reader_win.cc(151)] SuspendThread: Access is denied. (0x5)
[0810/180219.320:ERROR:process_reader_win.cc(151)] SuspendThread: Access is denied. (0x5)
[0810/180219.320:ERROR:process_reader_win.cc(151)] SuspendThread: Access is denied. (0x5)
[0810/180219.320:ERROR:process_reader_win.cc(151)] SuspendThread: Access is denied. (0x5)
[0810/180219.320:ERROR:process_reader_win.cc(151)] SuspendThread: Access is denied. (0x5)
[0810/180219.320:ERROR:process_reader_win.cc(151)] SuspendThread: Access is denied. (0x5)
[0810/180219.320:ERROR:exception_snapshot_win.cc(98)] thread ID 49088 not found in process
